#
# A fatal error has been detected by the Java Runtime Environment:
#
#  EXCEPTION_ACCESS_VIOLATION (0xc0000005) at pc=0x0000000180011066, pid=10816, tid=0x0000000000003568
#
# JRE version: OpenJDK Runtime Environment (8.0_362-b09) (build 1.8.0_362-b09)
# Java VM: OpenJDK 64-Bit Server VM (25.362-b09 mixed mode windows-amd64 compressed oops)
# Problematic frame:
# C  [OpenAL64.dll+0x11066]
#
# Failed to write core dump. Minidumps are not enabled by default on client versions of Windows
#
# If you would like to submit a bug report, please visit:
#   https://bell-sw.com/support
# The crash happened outside the Java Virtual Machine in native code.
# See problematic frame for where to report the bug.
#

---------------  T H R E A D  ---------------

Current thread (0x000001e6c8eeb000):  JavaThread "jME3 Main" [_thread_in_native, id=13672, stack(0x000000aa4db80000,0x000000aa4dc80000)]

siginfo: ExceptionCode=0xc0000005, reading address 0x000001e6d3b6f004

Registers:
RAX=0x0000000000000004, RBX=0x000001e6dcfb0090, RCX=0x000001e6d3b6f008, RDX=0x000001e6d3b6f004
RSP=0x000000aa4dc7ec10, RBP=0x00000000000000ff, RSI=0x000001e6d3b6d20c, RDI=0x0000000000000000
R8 =0x000000000000077e, R9 =0x000001e6d3b6d20c, R10=0x000001e68e109c62, R11=0x000000006d2b9150
R12=0x0000000000000001, R13=0x000001e6dcd40080, R14=0x000000aa4dc7edb0, R15=0x000001e6c8eeb000
RIP=0x0000000180011066, EFLAGS=0x0000000000010202

Top of Stack: (sp=0x000000aa4dc7ec10)
0x000000aa4dc7ec10:   0000000000000000 000001e6c8eeb000
0x000000aa4dc7ec20:   000000aa4dc7edb0 000001e6dcd40080
0x000000aa4dc7ec30:   000001e6dcd40080 0000000000000000
0x000000aa4dc7ec40:   000001e6c8eeb000 0000000000000000
0x000000aa4dc7ec50:   000000aa4dc7ed78 000000006d14f27b
0x000000aa4dc7ec60:   000000aa4dc7ec90 000001e68e14b0eb
0x000000aa4dc7ec70:   000001e6c755b900 000001e6c5743c10
0x000000aa4dc7ec80:   000001e6c8eeb000 000000aa4dc7edb0
0x000000aa4dc7ec90:   000001e6dcd40080 0000000000000000
0x000000aa4dc7eca0:   000001e6d3b6d20c 00000003c1813e10
0x000000aa4dc7ecb0:   000000aa4dc7ed78 000000018001248f
0x000000aa4dc7ecc0:   000001e6dcfb0090 000001e6dcfb0090
0x000000aa4dc7ecd0:   000000000000ac44 000001e600000004
0x000000aa4dc7ece0:   0000000000000010 000001e68e109c8e
0x000000aa4dc7ecf0:   000001e6dcd40080 00000003c1813e10
0x000000aa4dc7ed00:   0000000000000010 000001e68e10999b 

Instructions: (pc=0x0000000180011066)
0x0000000180011046:   41 2b ec 81 3a 03 00 02 00 75 09 8b 01 89 84 24
0x0000000180011056:   c8 00 00 00 49 83 c0 02 48 83 c1 08 4a 8d 14 86
0x0000000180011066:   39 3a 75 af 4c 8d 84 24 c0 00 00 00 48 8d 15 d7
0x0000000180011076:   2b 03 00 33 c9 e8 58 5f 00 00 b8 40 1f 00 00 4c 


Register to memory mapping:

RAX=0x0000000000000004 is an unknown value
RBX=0x000001e6dcfb0090 is an unknown value
RCX=0x000001e6d3b6f008 is an unknown value
RDX=0x000001e6d3b6f004 is an unknown value
RSP=0x000000aa4dc7ec10 is pointing into the stack for thread: 0x000001e6c8eeb000
RBP=0x00000000000000ff is an unknown value
RSI=0x000001e6d3b6d20c is an unknown value
RDI=0x0000000000000000 is an unknown value
R8 =0x000000000000077e is an unknown value
R9 =0x000001e6d3b6d20c is an unknown value
R10=0x000001e68e109c62 is at code_begin+962 in an Interpreter codelet
method entry point (kind = native)  [0x000001e68e1098a0, 0x000001e68e10a340]  2720 bytes
R11=0x000000006d2b9150 is an unknown value
R12=0x0000000000000001 is an unknown value
R13={method} {0x000001e6dcd40088} 'nalcCreateContext' '(JJ)J' in 'org/lwjgl/openal/ALC10'
R14=0x000000aa4dc7edb0 is pointing into the stack for thread: 0x000001e6c8eeb000
R15=0x000001e6c8eeb000 is a thread


Stack: [0x000000aa4db80000,0x000000aa4dc80000],  sp=0x000000aa4dc7ec10,  free space=1019k
Native frames: (J=compiled Java code, j=interpreted, Vv=VM code, C=native code)
C  [OpenAL64.dll+0x11066]
C  [OpenAL64.dll+0x1248f]
C  0x000001e68e109c8e

Java frames: (J=compiled Java code, j=interpreted, Vv=VM code)
j  org.lwjgl.openal.ALC10.nalcCreateContext(JJ)J+0
j  org.lwjgl.openal.ALC10.alcCreateContext(Lorg/lwjgl/openal/ALCdevice;Ljava/nio/IntBuffer;)Lorg/lwjgl/openal/ALCcontext;+8
j  org.lwjgl.openal.AL.init(Ljava/lang/String;IIZZ)V+69
j  org.lwjgl.openal.AL.create(Ljava/lang/String;IIZZ)V+245
j  org.lwjgl.openal.AL.create(Ljava/lang/String;IIZ)V+5
j  org.lwjgl.openal.AL.create()V+6
j  com.jme3.audio.lwjgl.LwjglALC.createALC()V+5
j  com.jme3.audio.openal.ALAudioRenderer.initOpenAL()V+16
j  com.jme3.audio.openal.ALAudioRenderer.initialize()V+22
j  com.jme3.app.LegacyApplication.initAudio()V+40
j  com.jme3.app.LegacyApplication.initialize()V+31
j  com.jme3.app.SimpleApplication.initialize()V+1
j  com.jme3.system.lwjgl.LwjglAbstractDisplay.initInThread()Z+97
j  com.jme3.system.lwjgl.LwjglAbstractDisplay.run()V+36
j  java.lang.Thread.run()V+11
v  ~StubRoutines::call_stub

---------------  P R O C E S S  ---------------

Java Threads: ( => current thread )
  0x000001e68c58a000 JavaThread "DestroyJavaVM" [_thread_blocked, id=10884, stack(0x000000aa4ae00000,0x000000aa4af00000)]
=>0x000001e6c8eeb000 JavaThread "jME3 Main" [_thread_in_native, id=13672, stack(0x000000aa4db80000,0x000000aa4dc80000)]
  0x000001e6c8bab800 JavaThread "TimerQueue" daemon [_thread_blocked, id=10772, stack(0x000000aa4d9e0000,0x000000aa4dae0000)]
  0x000001e6c8c4b800 JavaThread "D3D Screen Updater" daemon [_thread_blocked, id=1228, stack(0x000000aa4d8d0000,0x000000aa4d9d0000)]
  0x000001e6c88d9800 JavaThread "Image Fetcher 0" daemon [_thread_blocked, id=6856, stack(0x000000aa4d7d0000,0x000000aa4d8d0000)]
  0x000001e6c755e800 JavaThread "AWT-EventQueue-0" [_thread_blocked, id=13244, stack(0x000000aa4d400000,0x000000aa4d500000)]
  0x000001e6c756a800 JavaThread "AWT-Windows" daemon [_thread_in_native, id=13396, stack(0x000000aa4d300000,0x000000aa4d400000)]
  0x000001e6c7567000 JavaThread "AWT-Shutdown" [_thread_blocked, id=13476, stack(0x000000aa4d200000,0x000000aa4d300000)]
  0x000001e6c7566800 JavaThread "Java2D Disposer" daemon [_thread_blocked, id=14340, stack(0x000000aa4d100000,0x000000aa4d200000)]
  0x000001e6c582e000 JavaThread "Service Thread" daemon [_thread_blocked, id=13736, stack(0x000000aa4cf00000,0x000000aa4d000000)]
  0x000001e6c575f000 JavaThread "C1 CompilerThread11" daemon [_thread_blocked, id=14908, stack(0x000000aa4ce00000,0x000000aa4cf00000)]
  0x000001e6c5760800 JavaThread "C1 CompilerThread10" daemon [_thread_blocked, id=13888, stack(0x000000aa4cd00000,0x000000aa4ce00000)]
  0x000001e6c575e800 JavaThread "C1 CompilerThread9" daemon [_thread_blocked, id=13016, stack(0x000000aa4cc00000,0x000000aa4cd00000)]
  0x000001e6c575d800 JavaThread "C1 CompilerThread8" daemon [_thread_blocked, id=4480, stack(0x000000aa4cb00000,0x000000aa4cc00000)]
  0x000001e6c5760000 JavaThread "C2 CompilerThread7" daemon [_thread_blocked, id=14248, stack(0x000000aa4ca00000,0x000000aa4cb00000)]
  0x000001e6c575d000 JavaThread "C2 CompilerThread6" daemon [_thread_blocked, id=1304, stack(0x000000aa4c900000,0x000000aa4ca00000)]
  0x000001e6c5763000 JavaThread "C2 CompilerThread5" daemon [_thread_blocked, id=5308, stack(0x000000aa4c800000,0x000000aa4c900000)]
  0x000001e6c5752000 JavaThread "C2 CompilerThread4" daemon [_thread_blocked, id=12320, stack(0x000000aa4c700000,0x000000aa4c800000)]
  0x000001e6c5741000 JavaThread "C2 CompilerThread3" daemon [_thread_blocked, id=11796, stack(0x000000aa4c600000,0x000000aa4c700000)]
  0x000001e6c573d000 JavaThread "C2 CompilerThread2" daemon [_thread_blocked, id=2232, stack(0x000000aa4c500000,0x000000aa4c600000)]
  0x000001e6c573a000 JavaThread "C2 CompilerThread1" daemon [_thread_blocked, id=14644, stack(0x000000aa4c400000,0x000000aa4c500000)]
  0x000001e6c573f800 JavaThread "C2 CompilerThread0" daemon [_thread_blocked, id=12384, stack(0x000000aa4c300000,0x000000aa4c400000)]
  0x000001e6c5723800 JavaThread "Attach Listener" daemon [_thread_blocked, id=14440, stack(0x000000aa4c200000,0x000000aa4c300000)]
  0x000001e6c5737800 JavaThread "Signal Dispatcher" daemon [_thread_blocked, id=13484, stack(0x000000aa4c100000,0x000000aa4c200000)]
  0x000001e6c3578800 JavaThread "Finalizer" daemon [_thread_blocked, id=15008, stack(0x000000aa4c000000,0x000000aa4c100000)]
  0x000001e6c5713000 JavaThread "Reference Handler" daemon [_thread_blocked, id=11268, stack(0x000000aa4bf00000,0x000000aa4c000000)]

Other Threads:
  0x000001e6c355e800 VMThread [stack: 0x000000aa4be00000,0x000000aa4bf00000] [id=12332]
  0x000001e6c582f800 WatcherThread [stack: 0x000000aa4d000000,0x000000aa4d100000] [id=14448]

VM state:not at safepoint (normal execution)

VM Mutex/Monitor currently owned by a thread: None

heap address: 0x00000003c1800000, size: 16360 MB, Compressed Oops mode: Zero based, Oop shift amount: 3
Narrow klass base: 0x0000000000000000, Narrow klass shift: 3
Compressed class space size: 1073741824 Address: 0x00000007c0000000

Heap:
 PSYoungGen      total 305664K, used 59450K [0x000000066b300000, 0x0000000680800000, 0x00000007c0000000)
  eden space 262144K, 22% used [0x000000066b300000,0x000000066ed0eb90,0x000000067b300000)
  from space 43520K, 0% used [0x000000067dd80000,0x000000067dd80000,0x0000000680800000)
  to   space 43520K, 0% used [0x000000067b300000,0x000000067b300000,0x000000067dd80000)
 ParOldGen       total 699392K, used 7468K [0x00000003c1800000, 0x00000003ec300000, 0x000000066b300000)
  object space 699392K, 1% used [0x00000003c1800000,0x00000003c1f4b128,0x00000003ec300000)
 Metaspace       used 20593K, capacity 20803K, committed 21248K, reserved 1069056K
  class space    used 2388K, capacity 2459K, committed 2560K, reserved 1048576K

Card table byte_map: [0x000001e69d4b0000,0x000001e69f4b0000] byte_map_base: 0x000001e69b6a4000

Marking Bits: (ParMarkBitMap*) 0x000000006d8937f0
 Begin Bits: [0x000001e6a0a00000, 0x000001e6b09a0000)
 End Bits:   [0x000001e6b09a0000, 0x000001e6c0940000)

Polling page: 0x000001e68c8d0000

CodeCache: size=245760Kb used=6135Kb max_used=6141Kb free=239624Kb
 bounds [0x000001e68e0f0000, 0x000001e68e700000, 0x000001e69d0f0000]
 total_blobs=1923 nmethods=1266 adapters=566
 compilation: enabled

Compilation events (10 events):
Event: 1.925 Thread 0x000001e6c575d800 nmethod 1263 0x000001e68e6e2290 code [0x000001e68e6e2400, 0x000001e68e6e2650]
Event: 1.927 Thread 0x000001e6c575f000 1265       3       java.io.WinNTFileSystem::normalizePrefix (132 bytes)
Event: 1.927 Thread 0x000001e6c5760800 1264       3       java.util.HashMap::tableSizeFor (59 bytes)
Event: 1.927 Thread 0x000001e6c5760800 nmethod 1264 0x000001e68e6d7510 code [0x000001e68e6d7680, 0x000001e68e6d7898]
Event: 1.929 Thread 0x000001e6c575f000 nmethod 1265 0x000001e68e6ec650 code [0x000001e68e6ec9e0, 0x000001e68e6eeff0]
Event: 1.930 Thread 0x000001e6c5741000 1266       4       java.lang.StringBuilder::append (8 bytes)
Event: 1.933 Thread 0x000001e6c5763000 nmethod 1258 0x000001e68e6f0850 code [0x000001e68e6f0a80, 0x000001e68e6f1520]
Event: 1.934 Thread 0x000001e6c5741000 nmethod 1266 0x000001e68e6e5d10 code [0x000001e68e6e5e80, 0x000001e68e6e62c8]
Event: 1.939 Thread 0x000001e6c575e800 1267  s    3       java.util.Hashtable::containsKey (65 bytes)
Event: 1.939 Thread 0x000001e6c575e800 nmethod 1267 0x000001e68e6e52d0 code [0x000001e68e6e5460, 0x000001e68e6e5aa0]

GC Heap History (8 events):
Event: 1.356 GC heap before
{Heap before GC invocations=1 (full 0):
 PSYoungGen      total 305664K, used 73400K [0x000000066b300000, 0x0000000680800000, 0x00000007c0000000)
  eden space 262144K, 28% used [0x000000066b300000,0x000000066faae3c0,0x000000067b300000)
  from space 43520K, 0% used [0x000000067dd80000,0x000000067dd80000,0x0000000680800000)
  to   space 43520K, 0% used [0x000000067b300000,0x000000067b300000,0x000000067dd80000)
 ParOldGen       total 699392K, used 0K [0x00000003c1800000, 0x00000003ec300000, 0x000000066b300000)
  object space 699392K, 0% used [0x00000003c1800000,0x00000003c1800000,0x00000003ec300000)
 Metaspace       used 17653K, capacity 17920K, committed 18176K, reserved 1064960K
  class space    used 2148K, capacity 2235K, committed 2304K, reserved 1048576K
Event: 1.361 GC heap after
Heap after GC invocations=1 (full 0):
 PSYoungGen      total 305664K, used 11111K [0x000000066b300000, 0x0000000680800000, 0x00000007c0000000)
  eden space 262144K, 0% used [0x000000066b300000,0x000000066b300000,0x000000067b300000)
  from space 43520K, 25% used [0x000000067b300000,0x000000067bdd9c58,0x000000067dd80000)
  to   space 43520K, 0% used [0x000000067dd80000,0x000000067dd80000,0x0000000680800000)
 ParOldGen       total 699392K, used 16K [0x00000003c1800000, 0x00000003ec300000, 0x000000066b300000)
  object space 699392K, 0% used [0x00000003c1800000,0x00000003c1804000,0x00000003ec300000)
 Metaspace       used 17653K, capacity 17920K, committed 18176K, reserved 1064960K
  class space    used 2148K, capacity 2235K, committed 2304K, reserved 1048576K
}
Event: 1.361 GC heap before
{Heap before GC invocations=2 (full 1):
 PSYoungGen      total 305664K, used 11111K [0x000000066b300000, 0x0000000680800000, 0x00000007c0000000)
  eden space 262144K, 0% used [0x000000066b300000,0x000000066b300000,0x000000067b300000)
  from space 43520K, 25% used [0x000000067b300000,0x000000067bdd9c58,0x000000067dd80000)
  to   space 43520K, 0% used [0x000000067dd80000,0x000000067dd80000,0x0000000680800000)
 ParOldGen       total 699392K, used 16K [0x00000003c1800000, 0x00000003ec300000, 0x000000066b300000)
  object space 699392K, 0% used [0x00000003c1800000,0x00000003c1804000,0x00000003ec300000)
 Metaspace       used 17653K, capacity 17920K, committed 18176K, reserved 1064960K
  class space    used 2148K, capacity 2235K, committed 2304K, reserved 1048576K
Event: 1.375 GC heap after
Heap after GC invocations=2 (full 1):
 PSYoungGen      total 305664K, used 0K [0x000000066b300000, 0x0000000680800000, 0x00000007c0000000)
  eden space 262144K, 0% used [0x000000066b300000,0x000000066b300000,0x000000067b300000)
  from space 43520K, 0% used [0x000000067b300000,0x000000067b300000,0x000000067dd80000)
  to   space 43520K, 0% used [0x000000067dd80000,0x000000067dd80000,0x0000000680800000)
 ParOldGen       total 699392K, used 7468K [0x00000003c1800000, 0x00000003ec300000, 0x000000066b300000)
  object space 699392K, 1% used [0x00000003c1800000,0x00000003c1f4b098,0x00000003ec300000)
 Metaspace       used 17653K, capacity 17920K, committed 18176K, reserved 1064960K
  class space    used 2148K, capacity 2235K, committed 2304K, reserved 1048576K
}
Event: 1.376 GC heap before
{Heap before GC invocations=3 (full 1):
 PSYoungGen      total 305664K, used 5243K [0x000000066b300000, 0x0000000680800000, 0x00000007c0000000)
  eden space 262144K, 2% used [0x000000066b300000,0x000000066b81ec00,0x000000067b300000)
  from space 43520K, 0% used [0x000000067b300000,0x000000067b300000,0x000000067dd80000)
  to   space 43520K, 0% used [0x000000067dd80000,0x000000067dd80000,0x0000000680800000)
 ParOldGen       total 699392K, used 7468K [0x00000003c1800000, 0x00000003ec300000, 0x000000066b300000)
  object space 699392K, 1% used [0x00000003c1800000,0x00000003c1f4b098,0x00000003ec300000)
 Metaspace       used 17654K, capacity 17920K, committed 18176K, reserved 1064960K
  class space    used 2148K, capacity 2235K, committed 2304K, reserved 1048576K
Event: 1.376 GC heap after
Heap after GC invocations=3 (full 1):
 PSYoungGen      total 305664K, used 64K [0x000000066b300000, 0x0000000680800000, 0x00000007c0000000)
  eden space 262144K, 0% used [0x000000066b300000,0x000000066b300000,0x000000067b300000)
  from space 43520K, 0% used [0x000000067dd80000,0x000000067dd90000,0x0000000680800000)
  to   space 43520K, 0% used [0x000000067b300000,0x000000067b300000,0x000000067dd80000)
 ParOldGen       total 699392K, used 7468K [0x00000003c1800000, 0x00000003ec300000, 0x000000066b300000)
  object space 699392K, 1% used [0x00000003c1800000,0x00000003c1f4b098,0x00000003ec300000)
 Metaspace       used 17654K, capacity 17920K, committed 18176K, reserved 1064960K
  class space    used 2148K, capacity 2235K, committed 2304K, reserved 1048576K
}
Event: 1.376 GC heap before
{Heap before GC invocations=4 (full 2):
 PSYoungGen      total 305664K, used 64K [0x000000066b300000, 0x0000000680800000, 0x00000007c0000000)
  eden space 262144K, 0% used [0x000000066b300000,0x000000066b300000,0x000000067b300000)
  from space 43520K, 0% used [0x000000067dd80000,0x000000067dd90000,0x0000000680800000)
  to   space 43520K, 0% used [0x000000067b300000,0x000000067b300000,0x000000067dd80000)
 ParOldGen       total 699392K, used 7468K [0x00000003c1800000, 0x00000003ec300000, 0x000000066b300000)
  object space 699392K, 1% used [0x00000003c1800000,0x00000003c1f4b098,0x00000003ec300000)
 Metaspace       used 17654K, capacity 17920K, committed 18176K, reserved 1064960K
  class space    used 2148K, capacity 2235K, committed 2304K, reserved 1048576K
Event: 1.384 GC heap after
Heap after GC invocations=4 (full 2):
 PSYoungGen      total 305664K, used 0K [0x000000066b300000, 0x0000000680800000, 0x00000007c0000000)
  eden space 262144K, 0% used [0x000000066b300000,0x000000066b300000,0x000000067b300000)
  from space 43520K, 0% used [0x000000067dd80000,0x000000067dd80000,0x0000000680800000)
  to   space 43520K, 0% used [0x000000067b300000,0x000000067b300000,0x000000067dd80000)
 ParOldGen       total 699392K, used 7468K [0x00000003c1800000, 0x00000003ec300000, 0x000000066b300000)
  object space 699392K, 1% used [0x00000003c1800000,0x00000003c1f4b128,0x00000003ec300000)
 Metaspace       used 17654K, capacity 17920K, committed 18176K, reserved 1064960K
  class space    used 2148K, capacity 2235K, committed 2304K, reserved 1048576K
}

Deoptimization events (10 events):
Event: 0.119 Thread 0x000001e68c58a000 Uncommon trap: reason=unstable_if action=reinterpret pc=0x000001e68e3ffd84 method=java.lang.String.indexOf([CII[CIII)I @ 134
Event: 0.319 Thread 0x000001e68c58a000 Uncommon trap: reason=unstable_if action=reinterpret pc=0x000001e68e4b717c method=sun.misc.MetaIndex.mayContain(Ljava/lang/String;)Z @ 38
Event: 0.322 Thread 0x000001e68c58a000 Uncommon trap: reason=unstable_if action=reinterpret pc=0x000001e68e4ae190 method=java.io.WinNTFileSystem.normalize(Ljava/lang/String;)Ljava/lang/String; @ 74
Event: 0.323 Thread 0x000001e68c58a000 Uncommon trap: reason=class_check action=maybe_recompile pc=0x000001e68e3b7a90 method=java.lang.String.equals(Ljava/lang/Object;)Z @ 8
Event: 0.324 Thread 0x000001e68c58a000 Uncommon trap: reason=class_check action=maybe_recompile pc=0x000001e68e3b7a90 method=java.lang.String.equals(Ljava/lang/Object;)Z @ 8
Event: 0.568 Thread 0x000001e6c755e800 Uncommon trap: reason=unstable_if action=reinterpret pc=0x000001e68e3f4b7c method=java.lang.String.startsWith(Ljava/lang/String;I)Z @ 25
Event: 0.570 Thread 0x000001e6c755e800 Uncommon trap: reason=unstable_if action=reinterpret pc=0x000001e68e535368 method=java.lang.AbstractStringBuilder.append(Ljava/lang/String;)Ljava/lang/AbstractStringBuilder; @ 1
Event: 0.570 Thread 0x000001e6c755e800 Uncommon trap: reason=unstable_if action=reinterpret pc=0x000001e68e4714e4 method=java.lang.AbstractStringBuilder.append(Ljava/lang/String;)Ljava/lang/AbstractStringBuilder; @ 1
Event: 0.572 Thread 0x000001e6c755e800 Uncommon trap: reason=unstable_if action=reinterpret pc=0x000001e68e57344c method=java.util.HashMap.hash(Ljava/lang/Object;)I @ 1
Event: 0.574 Thread 0x000001e6c755e800 Uncommon trap: reason=unstable_if action=reinterpret pc=0x000001e68e4e1f68 method=java.util.HashMap.hash(Ljava/lang/Object;)I @ 1

Classes redefined (0 events):
No events

Internal exceptions (10 events):
Event: 0.570 Thread 0x000001e6c755e800 Implicit null exception at 0x000001e68e534f96 to 0x000001e68e535351
Event: 0.570 Thread 0x000001e6c755e800 Implicit null exception at 0x000001e68e471116 to 0x000001e68e4714cd
Event: 0.572 Thread 0x000001e6c755e800 Implicit null exception at 0x000001e68e573215 to 0x000001e68e57343d
Event: 0.574 Thread 0x000001e6c755e800 Implicit null exception at 0x000001e68e4e1eef to 0x000001e68e4e1f59
Event: 1.946 Thread 0x000001e6c8eeb000 Exception <a 'java/security/PrivilegedActionException'> (0x000000066ec8ea78) thrown at [C:\ws\workspace\8u362\jdk-8u362\CT\std\label\windows-x86_64\type\b8\b\hotspot\src\share\vm\prims\jvm.cpp, line 1514]
Event: 1.946 Thread 0x000001e6c8eeb000 Exception <a 'java/security/PrivilegedActionException'> (0x000000066ec905e8) thrown at [C:\ws\workspace\8u362\jdk-8u362\CT\std\label\windows-x86_64\type\b8\b\hotspot\src\share\vm\prims\jvm.cpp, line 1514]
Event: 1.946 Thread 0x000001e6c8eeb000 Exception <a 'java/security/PrivilegedActionException'> (0x000000066ec91708) thrown at [C:\ws\workspace\8u362\jdk-8u362\CT\std\label\windows-x86_64\type\b8\b\hotspot\src\share\vm\prims\jvm.cpp, line 1514]
Event: 1.946 Thread 0x000001e6c8eeb000 Exception <a 'java/security/PrivilegedActionException'> (0x000000066ec96828) thrown at [C:\ws\workspace\8u362\jdk-8u362\CT\std\label\windows-x86_64\type\b8\b\hotspot\src\share\vm\prims\jvm.cpp, line 1514]
Event: 1.946 Thread 0x000001e6c8eeb000 Exception <a 'java/security/PrivilegedActionException'> (0x000000066ec97480) thrown at [C:\ws\workspace\8u362\jdk-8u362\CT\std\label\windows-x86_64\type\b8\b\hotspot\src\share\vm\prims\jvm.cpp, line 1514]
Event: 1.946 Thread 0x000001e6c8eeb000 Exception <a 'java/security/PrivilegedActionException'> (0x000000066ec980a8) thrown at [C:\ws\workspace\8u362\jdk-8u362\CT\std\label\windows-x86_64\type\b8\b\hotspot\src\share\vm\prims\jvm.cpp, line 1514]

Events (10 events):
Event: 1.947 loading class org/lwjgl/openal/ALC10
Event: 1.947 loading class org/lwjgl/openal/ALC10 done
Event: 1.952 loading class org/lwjgl/openal/ALCdevice
Event: 1.952 loading class org/lwjgl/openal/ALCdevice done
Event: 1.952 loading class org/lwjgl/openal/ALCcontext
Event: 1.952 loading class org/lwjgl/openal/ALCcontext done
Event: 1.952 loading class org/lwjgl/openal/Util
Event: 1.952 loading class org/lwjgl/openal/Util done
Event: 1.952 loading class org/lwjgl/openal/OpenALException
Event: 1.952 loading class org/lwjgl/openal/OpenALException done


Dynamic libraries:
0x00007ff7c1cd0000 - 0x00007ff7c1d15000 	C:\Users\Aiden\.jdks\liberica-1.8.0_362\bin\java.exe
0x00007ffdcba30000 - 0x00007ffdcbc26000 	C:\Windows\SYSTEM32\ntdll.dll
0x00007ffdca470000 - 0x00007ffdca52d000 	C:\Windows\System32\KERNEL32.DLL
0x00007ffdc92b0000 - 0x00007ffdc9579000 	C:\Windows\System32\KERNELBASE.dll
0x00007ffdca3c0000 - 0x00007ffdca46c000 	C:\Windows\System32\ADVAPI32.dll
0x00007ffdc9ad0000 - 0x00007ffdc9b6e000 	C:\Windows\System32\msvcrt.dll
0x00007ffdc9eb0000 - 0x00007ffdc9f4c000 	C:\Windows\System32\sechost.dll
0x00007ffdcb780000 - 0x00007ffdcb8ab000 	C:\Windows\System32\RPCRT4.dll
0x00007ffdc9ba0000 - 0x00007ffdc9d40000 	C:\Windows\System32\USER32.dll
0x00007ffdc9580000 - 0x00007ffdc95a2000 	C:\Windows\System32\win32u.dll
0x00007ffdc9b70000 - 0x00007ffdc9b9a000 	C:\Windows\System32\GDI32.dll
0x00007ffdc99c0000 - 0x00007ffdc9acb000 	C:\Windows\System32\gdi32full.dll
0x00007ffdc9210000 - 0x00007ffdc92ad000 	C:\Windows\System32\msvcp_win.dll
0x00007ffdc9730000 - 0x00007ffdc9830000 	C:\Windows\System32\ucrtbase.dll
0x00007ffdb4bd0000 - 0x00007ffdb4e6b000 	C:\Windows\WinSxS\amd64_microsoft.windows.common-controls_6595b64144ccf1df_6.0.19041.746_none_ca02b4b61b8320a4\COMCTL32.dll
0x00007ffdca390000 - 0x00007ffdca3c0000 	C:\Windows\System32\IMM32.DLL
0x00007ffdb01e0000 - 0x00007ffdb01f5000 	C:\Users\Aiden\.jdks\liberica-1.8.0_362\jre\bin\vcruntime140.dll
0x00007ffd825d0000 - 0x00007ffd8266b000 	C:\Users\Aiden\.jdks\liberica-1.8.0_362\jre\bin\msvcp140.dll
0x000000006d0b0000 - 0x000000006d90c000 	C:\Users\Aiden\.jdks\liberica-1.8.0_362\jre\bin\server\jvm.dll
0x00007ffdcb8b0000 - 0x00007ffdcb8b8000 	C:\Windows\System32\PSAPI.DLL
0x00007ffdc5600000 - 0x00007ffdc5609000 	C:\Windows\SYSTEM32\WSOCK32.dll
0x00007ffdb8070000 - 0x00007ffdb8097000 	C:\Windows\SYSTEM32\WINMM.dll
0x00007ffdc3f90000 - 0x00007ffdc3f9a000 	C:\Windows\SYSTEM32\VERSION.dll
0x00007ffdcb440000 - 0x00007ffdcb4ab000 	C:\Windows\System32\WS2_32.dll
0x00007ffdc7130000 - 0x00007ffdc7142000 	C:\Windows\SYSTEM32\kernel.appcore.dll
0x00007ffdb1b50000 - 0x00007ffdb1b60000 	C:\Users\Aiden\.jdks\liberica-1.8.0_362\jre\bin\verify.dll
0x00007ffd825a0000 - 0x00007ffd825cb000 	C:\Users\Aiden\.jdks\liberica-1.8.0_362\jre\bin\java.dll
0x00007ffdad360000 - 0x00007ffdad378000 	C:\Users\Aiden\.jdks\liberica-1.8.0_362\jre\bin\zip.dll
0x00007ffdcaa50000 - 0x00007ffdcb193000 	C:\Windows\System32\SHELL32.dll
0x00007ffdc7330000 - 0x00007ffdc7abf000 	C:\Windows\SYSTEM32\windows.storage.dll
0x00007ffdc9f50000 - 0x00007ffdca2a6000 	C:\Windows\System32\combase.dll
0x00007ffdc8c10000 - 0x00007ffdc8c3c000 	C:\Windows\SYSTEM32\Wldp.dll
0x00007ffdca9a0000 - 0x00007ffdcaa4e000 	C:\Windows\System32\SHCORE.dll
0x00007ffdcb3e0000 - 0x00007ffdcb435000 	C:\Windows\System32\shlwapi.dll
0x00007ffdc90e0000 - 0x00007ffdc9106000 	C:\Windows\SYSTEM32\profapi.dll
0x00007ffda9c70000 - 0x00007ffda9e04000 	C:\Users\Aiden\.jdks\liberica-1.8.0_362\jre\bin\awt.dll
0x00007ffdc9de0000 - 0x00007ffdc9ead000 	C:\Windows\System32\OLEAUT32.dll
0x00007ffdc6ab0000 - 0x00007ffdc6b40000 	C:\Windows\SYSTEM32\apphelp.dll
0x00007ffdc6be0000 - 0x00007ffdc6c7e000 	C:\Windows\system32\uxtheme.dll
0x00007ffdcb4b0000 - 0x00007ffdcb5c6000 	C:\Windows\System32\MSCTF.dll
0x00007ffdcb2b0000 - 0x00007ffdcb3da000 	C:\Windows\System32\ole32.dll
0x00007ffdc9600000 - 0x00007ffdc9680000 	C:\Windows\System32\bcryptPrimitives.dll
0x00007ffdc7020000 - 0x00007ffdc704f000 	C:\Windows\system32\DWMAPI.DLL
0x00007ffd82fb0000 - 0x00007ffd830d5000 	C:\Windows\system32\opengl32.dll
0x00007ffdb7070000 - 0x00007ffdb709c000 	C:\Windows\SYSTEM32\GLU32.dll
0x00007ffda7f90000 - 0x00007ffda815f000 	C:\Windows\system32\d3d9.dll
0x00007ffdbfc60000 - 0x00007ffdbfd1c000 	C:\Windows\System32\DriverStore\FileRepository\nvrfi.inf_amd64_428e33bfb20100b1\nvldumdx.dll
0x00007ffdc8d90000 - 0x00007ffdc8da2000 	C:\Windows\SYSTEM32\msasn1.dll
0x00007ffdc3f50000 - 0x00007ffdc3f81000 	C:\Windows\SYSTEM32\cryptnet.dll
0x00007ffdc9860000 - 0x00007ffdc99b6000 	C:\Windows\System32\CRYPT32.dll
0x00007ffdc3d80000 - 0x00007ffdc3ec9000 	C:\Windows\SYSTEM32\drvstore.dll
0x00007ffdc8f50000 - 0x00007ffdc8f7c000 	C:\Windows\SYSTEM32\devobj.dll
0x00007ffdc95b0000 - 0x00007ffdc95fe000 	C:\Windows\System32\cfgmgr32.dll
0x00007ffdc8b80000 - 0x00007ffdc8b8c000 	C:\Windows\SYSTEM32\cryptbase.dll
0x00007ffdc91b0000 - 0x00007ffdc9210000 	C:\Windows\System32\wintrust.dll
0x00007ffdc9d40000 - 0x00007ffdc9d5d000 	C:\Windows\System32\imagehlp.dll
0x00007ffdc8b60000 - 0x00007ffdc8b78000 	C:\Windows\SYSTEM32\CRYPTSP.dll
0x00007ffdc82c0000 - 0x00007ffdc82f4000 	C:\Windows\system32\rsaenh.dll
0x00007ffdc9830000 - 0x00007ffdc9857000 	C:\Windows\System32\bcrypt.dll
0x00007ffd7c310000 - 0x00007ffd7f49d000 	C:\Windows\System32\DriverStore\FileRepository\nvrfi.inf_amd64_428e33bfb20100b1\nvd3dumx.dll
0x00007ffd94680000 - 0x00007ffd94951000 	C:\Windows\system32\nvspcap64.dll
0x00007ffdc7ef0000 - 0x00007ffdc7f23000 	C:\Windows\SYSTEM32\ntmarta.dll
0x00007ffdc7ad0000 - 0x00007ffdc7af3000 	C:\Windows\SYSTEM32\gpapi.dll
0x00007ffdc0be0000 - 0x00007ffdc0c1b000 	C:\Windows\SYSTEM32\dxcore.dll
0x00007ffda9be0000 - 0x00007ffda9c62000 	C:\Users\Aiden\.jdks\liberica-1.8.0_362\jre\bin\freetype.dll
0x00007ffdb14a0000 - 0x00007ffdb14eb000 	C:\Users\Aiden\.jdks\liberica-1.8.0_362\jre\bin\fontmanager.dll
0x00007ffda9f90000 - 0x00007ffda9fac000 	C:\Users\Aiden\.jdks\liberica-1.8.0_362\jre\bin\net.dll
0x00007ffdc8990000 - 0x00007ffdc89fa000 	C:\Windows\system32\mswsock.dll
0x00007ffd82580000 - 0x00007ffd82593000 	C:\Users\Aiden\.jdks\liberica-1.8.0_362\jre\bin\nio.dll
0x00007ffdc0990000 - 0x00007ffdc0a8b000 	C:\Windows\SYSTEM32\textinputframework.dll
0x00007ffdc6790000 - 0x00007ffdc6882000 	C:\Windows\System32\CoreMessaging.dll
0x00007ffdc61d0000 - 0x00007ffdc652e000 	C:\Windows\System32\CoreUIComponents.dll
0x00007ffdc56d0000 - 0x00007ffdc5824000 	C:\Windows\SYSTEM32\wintypes.dll
0x0000000180000000 - 0x0000000180064000 	C:\Users\Aiden\Documents\NewGame\OpenAL64.dll
0x000001e6d2c20000 - 0x000001e6d2c73000 	C:\Users\Aiden\Documents\NewGame\lwjgl64.dll
0x00007ffdc27d0000 - 0x00007ffdc287e000 	C:\Windows\SYSTEM32\mscms.dll
0x00007ffdc90a0000 - 0x00007ffdc90ce000 	C:\Windows\SYSTEM32\USERENV.dll
0x00007ffdc27a0000 - 0x00007ffdc27b1000 	C:\Windows\SYSTEM32\ColorAdapterClient.dll
0x00007ffdcb920000 - 0x00007ffdcb9c9000 	C:\Windows\System32\clbcatq.dll
0x00007ffdc3570000 - 0x00007ffdc366b000 	C:\Windows\System32\AppXDeploymentClient.dll
0x00007ffd78080000 - 0x00007ffd7c30c000 	C:\Windows\System32\DriverStore\FileRepository\nvrfi.inf_amd64_428e33bfb20100b1\nvoglv64.dll
0x00007ffdca530000 - 0x00007ffdca997000 	C:\Windows\System32\SETUPAPI.dll
0x00007ffdc4540000 - 0x00007ffdc4554000 	C:\Windows\SYSTEM32\WTSAPI32.dll
0x00007ffdc87a0000 - 0x00007ffdc87eb000 	C:\Windows\SYSTEM32\powrprof.dll
0x00007ffdc8610000 - 0x00007ffdc8622000 	C:\Windows\SYSTEM32\UMPDC.dll
0x00007ffdc7f60000 - 0x00007ffdc7fba000 	C:\Windows\SYSTEM32\WINSTA.dll
0x00007ffda9e60000 - 0x00007ffda9ea3000 	C:\Windows\SYSTEM32\icm32.dll
0x00007ffdc34c0000 - 0x00007ffdc3545000 	C:\Windows\System32\MMDevApi.dll
0x00007ffd82360000 - 0x00007ffd823fc000 	C:\Windows\SYSTEM32\dsound.dll
0x00007ffda4d80000 - 0x00007ffda4da6000 	C:\Windows\SYSTEM32\winmmbase.dll
0x00007ffda66b0000 - 0x00007ffda6833000 	C:\Windows\SYSTEM32\AUDIOSES.DLL
0x00007ffdb5170000 - 0x00007ffdb5354000 	C:\Windows\SYSTEM32\dbghelp.dll

VM Arguments:
jvm_args: -Dfile.encoding=windows-1251 -Duser.country=RU -Duser.language=ru -Duser.variant 
java_command: org.foxesworld.newgame.NewGame
java_class_path (initial): C:\Users\Aiden\Documents\NewGame\build\classes\java\main;C:\Users\Aiden\Documents\NewGame\build\resources\main;C:\Users\Aiden\Documents\NewGame\lib\gson.jar;C:\Users\Aiden\Documents\NewGame\lib\lwjgl.jar;C:\Users\Aiden\Documents\NewGame\lib\jinput.jar;C:\Users\Aiden\Documents\NewGame\lib\jbullet.jar;C:\Users\Aiden\Documents\NewGame\lib\vecmath.jar;C:\Users\Aiden\Documents\NewGame\lib\xpp3.jar;C:\Users\Aiden\Documents\NewGame\lib\cfgProvider-1.5.0-Release.jar;C:\Users\Aiden\Documents\NewGame\lib\j-ogg-vorbis.jar;C:\Users\Aiden\Documents\NewGame\lib\jme3-jogg.jar;C:\Users\Aiden\Documents\NewGame\lib\lwjgl-platform-natives-windows.jar;C:\Users\Aiden\Documents\NewGame\lib\jme3-core.jar;C:\Users\Aiden\Documents\NewGame\lib\jme3-jbullet.jar;C:\Users\Aiden\Documents\NewGame\lib\jme3-lwjgl-3.6.1-stable.jar;C:\Users\Aiden\Documents\NewGame\lib\jme3-desktop.jar;C:\Users\Aiden\Documents\NewGame\lib\jme3-plugins.jar;C:\Users\Aiden\Documents\NewGame\lib\jme3-terrain-3.6.1-stable.jar;C:\Users\Aiden\Documents\NewGame\lib\jme3-effects.jar;C:\Users\Aiden\Documents\NewGame\lib\jme3-awt-dialogs.jar;C:\Users\Aiden\Documents\NewGame\lib\jme3-niftygui-3.6.0-stable.jar;C:\Users\Aiden\Documents\NewGame\lib\jME3-niftygui.jar;C:\Users\Aiden\Documents\NewGame\lib\nifty.jar;C:\Users\Aiden\Documents\NewGame\lib\nifty-default-controls.jar;C:\Users\Aiden\Documents\NewGame\lib\nifty-default-styles-0.0.1.jar;C:\Users\Aiden\.gradle\caches\modules-2\files-2.1\org.apache.logging.log4j\log4j-slf4j-impl\2.19.0\1a0c9615ba9fd5b96db8c1136afbef4394286e93\log4j-slf4j-impl-2.19.0.jar;C:\Users\Aiden\.gradle\caches\modules-2\files-2.1\wf.frk\jme_f3b\0.92\500df3e85fd9452a77449de351df58a8d4b11968\jme_f3b-0.92.jar;C:\Users\Aiden\.gradle\caches\modules-2\files-2.1\org.apache.logging.log4j\log4j-core\2.19.0\3b6eeb4de4c49c0fe38a4ee27188ff5fee44d0bb\log4j-core-2.19.0.jar;C:\Users\Aiden\.gradle\caches\modules-2\files-2.1\com.sudoplay.joise\joise\1.1.0\ceefe4029df79cf8a29384d10e1d69bf3d2ed3b
Launcher Type: SUN_STANDARD

Environment Variables:
JAVA_HOME=C:\Program Files\BellSoft\LibericaJDK-17\
PATH=C:\Program Files (x86)\Razer Chroma SDK\bin;C:\Program Files\Razer Chroma SDK\bin;C:\Program Files (x86)\Razer\ChromaBroadcast\bin;C:\Program Files\Razer\ChromaBroadcast\bin;C:\Program Files\BellSoft\LibericaJDK-17\bin\;C:\Program Files (x86)\Common Files\Oracle\Java\javapath;C:\Windows\system32;C:\Windows;C:\Windows\System32\Wbem;C:\Windows\System32\WindowsPowerShell\v1.0\;C:\Program Files (x86)\NVIDIA Corporation\PhysX\Common;C:\Program Files\Git\cmd;C:\Program Files\dotnet\;C:\Program Files\nodejs\;C:\ProgramData\chocolatey\bin;C:\Users\Aiden\Desktop\php;C:\ProgramData\ComposerSetup\bin;C:\Users\Aiden\AppData\Local\Programs\Python\Python310\Scripts\;C:\Users\Aiden\AppData\Local\Programs\Python\Python310\;C:\Users\Aiden\AppData\Local\Microsoft\WindowsApps;C:\Users\Aiden\AppData\Local\GitHubDesktop\bin;C:\Program Files\JetBrains\IntelliJ IDEA 2022.2\bin;C:\Users\Aiden\.dotnet\tools;C:\Program Files\JetBrains\PhpStorm 2022.2\bin;C:\Users\Aiden\AppData\Roaming\npm;C:\Users\Aiden\AppData\Roaming\Composer\vendor\bin;C:\Program Files\NVIDIA Corporation\NVIDIA NvDLISR;C:\Windows\system32\config\systemprofile\AppData\Local\Microsoft\WindowsApps;C:\Users\Aiden\AppData\Local\Programs\Python\Python310\Scripts\;C:\Users\Aiden\AppData\Local\Programs\Python\Python310\;C:\Users\Aiden\AppData\Local\Microsoft\WindowsApps;C:\Users\Aiden\AppData\Local\GitHubDesktop\bin;C:\Program Files\JetBrains\IntelliJ IDEA 2022.1.2\bin;;C:\Users\Aiden\.dotnet\tools;C:\Program Files\JetBrains\PhpStorm 2022.2\bin;;C:\Users\Aiden\AppData\Roaming\npm;C:\Users\Aiden\AppData\Roaming\Composer\vendor\bin;C:\Program Files\SDCC\bin
USERNAME=Aiden
OS=Windows_NT
PROCESSOR_IDENTIFIER=Intel64 Family 6 Model 79 Stepping 1, GenuineIntel



---------------  S Y S T E M  ---------------

OS: Windows 10 , 64 bit Build 19041 (10.0.19041.662)

CPU:total 20 (initial active 20) (10 cores per cpu, 2 threads per core) family 6 model 79 stepping 1, cmov, cx8, fxsr, mmx, sse, sse2, sse3, ssse3, sse4.1, sse4.2, popcnt, avx, avx2, aes, clmul, erms, rtm, 3dnowpref, lzcnt, ht, tsc, tscinvbit, bmi1, bmi2, adx

Memory: 4k page, physical 67008120k(55656112k free), swap 67008120k(41813948k free)

vm_info: OpenJDK 64-Bit Server VM (25.362-b09) for windows-amd64 JRE (1.8.0_362-b09), built on Jan 16 2023 19:33:48 by "hudson" with MS VC++ 15.9 (VS2017)

time: Tue Aug 15 21:40:48 2023
timezone: RTZ 2 ( Family 6 Model 79 Stepping 1, GenuineIntel
elapsed time: 1.966092 seconds (0d 0h 0m 1s)

