#
# A fatal error has been detected by the Java Runtime Environment:
#
#  EXCEPTION_ACCESS_VIOLATION (0xc0000005) at pc=0x0000000180011066, pid=13468, tid=0x0000000000001698
#
# JRE version: OpenJDK Runtime Environment (8.0_362-b09) (build 1.8.0_362-b09)
# Java VM: OpenJDK 64-Bit Server VM (25.362-b09 mixed mode windows-amd64 compressed oops)
# Problematic frame:
# C  [OpenAL64.dll+0x11066]
#
# Failed to write core dump. Minidumps are not enabled by default on client versions of Windows
#
# If you would like to submit a bug report, please visit:
#   https://bell-sw.com/support
# The crash happened outside the Java Virtual Machine in native code.
# See problematic frame for where to report the bug.
#

---------------  T H R E A D  ---------------

Current thread (0x000001d304180000):  JavaThread "jME3 Main" [_thread_in_native, id=5784, stack(0x0000007c1f1d0000,0x0000007c1f2d0000)]

siginfo: ExceptionCode=0xc0000005, reading address 0x000001d30f84c004

Registers:
RAX=0x0000000000000004, RBX=0x000001d318bb0090, RCX=0x000001d30f84c008, RDX=0x000001d30f84c004
RSP=0x0000007c1f2ced40, RBP=0x00000000000000ff, RSI=0x000001d30f84b45c, RDI=0x0000000000000000
R8 =0x00000000000002ea, R9 =0x000001d30f84b45c, R10=0x000001d349c79c62, R11=0x000000006d2b9150
R12=0x0000000000000001, R13=0x000001d318910080, R14=0x0000007c1f2ceee0, R15=0x000001d304180000
RIP=0x0000000180011066, EFLAGS=0x0000000000010202

Top of Stack: (sp=0x0000007c1f2ced40)
0x0000007c1f2ced40:   0000000000000000 000001d304180000
0x0000007c1f2ced50:   0000007c1f2ceee0 000001d318910080
0x0000007c1f2ced60:   000001d318910080 0000000000000000
0x0000007c1f2ced70:   000001d304180000 0000000000000000
0x0000007c1f2ced80:   0000007c1f2ceea8 000000006d14f27b
0x0000007c1f2ced90:   0000007c1f2cedc0 000001d349cbb139
0x0000007c1f2ceda0:   000001d304183390 000001d3013136f0
0x0000007c1f2cedb0:   000001d304180000 0000007c1f2ceee0
0x0000007c1f2cedc0:   000001d318910080 0000000000000000
0x0000007c1f2cedd0:   000001d30f84b45c 00000003c180d140
0x0000007c1f2cede0:   0000007c1f2ceea8 000000018001248f
0x0000007c1f2cedf0:   000001d318bb0090 000001d318bb0090
0x0000007c1f2cee00:   000000000000ac44 000001d300000004
0x0000007c1f2cee10:   0000000000000010 000001d349c79c8e
0x0000007c1f2cee20:   000001d318910080 00000003c180d140
0x0000007c1f2cee30:   0000000000000010 000001d349c7999b 

Instructions: (pc=0x0000000180011066)
0x0000000180011046:   41 2b ec 81 3a 03 00 02 00 75 09 8b 01 89 84 24
0x0000000180011056:   c8 00 00 00 49 83 c0 02 48 83 c1 08 4a 8d 14 86
0x0000000180011066:   39 3a 75 af 4c 8d 84 24 c0 00 00 00 48 8d 15 d7
0x0000000180011076:   2b 03 00 33 c9 e8 58 5f 00 00 b8 40 1f 00 00 4c 


Register to memory mapping:

RAX=0x0000000000000004 is an unknown value
RBX=0x000001d318bb0090 is an unknown value
RCX=0x000001d30f84c008 is an unknown value
RDX=0x000001d30f84c004 is an unknown value
RSP=0x0000007c1f2ced40 is pointing into the stack for thread: 0x000001d304180000
RBP=0x00000000000000ff is an unknown value
RSI=0x000001d30f84b45c is an unknown value
RDI=0x0000000000000000 is an unknown value
R8 =0x00000000000002ea is an unknown value
R9 =0x000001d30f84b45c is an unknown value
R10=0x000001d349c79c62 is at code_begin+962 in an Interpreter codelet
method entry point (kind = native)  [0x000001d349c798a0, 0x000001d349c7a340]  2720 bytes
R11=0x000000006d2b9150 is an unknown value
R12=0x0000000000000001 is an unknown value
R13={method} {0x000001d318910088} 'nalcCreateContext' '(JJ)J' in 'org/lwjgl/openal/ALC10'
R14=0x0000007c1f2ceee0 is pointing into the stack for thread: 0x000001d304180000
R15=0x000001d304180000 is a thread


Stack: [0x0000007c1f1d0000,0x0000007c1f2d0000],  sp=0x0000007c1f2ced40,  free space=1019k
Native frames: (J=compiled Java code, j=interpreted, Vv=VM code, C=native code)
C  [OpenAL64.dll+0x11066]
C  [OpenAL64.dll+0x1248f]
C  0x000001d349c79c8e

Java frames: (J=compiled Java code, j=interpreted, Vv=VM code)
j  org.lwjgl.openal.ALC10.nalcCreateContext(JJ)J+0
j  org.lwjgl.openal.ALC10.alcCreateContext(Lorg/lwjgl/openal/ALCdevice;Ljava/nio/IntBuffer;)Lorg/lwjgl/openal/ALCcontext;+8
j  org.lwjgl.openal.AL.init(Ljava/lang/String;IIZZ)V+69
j  org.lwjgl.openal.AL.create(Ljava/lang/String;IIZZ)V+245
j  org.lwjgl.openal.AL.create(Ljava/lang/String;IIZ)V+5
j  org.lwjgl.openal.AL.create()V+6
j  com.jme3.audio.lwjgl.LwjglALC.createALC()V+5
j  com.jme3.audio.openal.ALAudioRenderer.initOpenAL()V+16
j  com.jme3.audio.openal.ALAudioRenderer.initialize()V+22
j  com.jme3.app.LegacyApplication.initAudio()V+40
j  com.jme3.app.LegacyApplication.initialize()V+31
j  com.jme3.app.SimpleApplication.initialize()V+1
j  com.jme3.system.lwjgl.LwjglAbstractDisplay.initInThread()Z+97
j  com.jme3.system.lwjgl.LwjglAbstractDisplay.run()V+36
j  java.lang.Thread.run()V+11
v  ~StubRoutines::call_stub

---------------  P R O C E S S  ---------------

Java Threads: ( => current thread )
  0x000001d34825a000 JavaThread "DestroyJavaVM" [_thread_blocked, id=14364, stack(0x0000007c1c400000,0x0000007c1c500000)]
=>0x000001d304180000 JavaThread "jME3 Main" [_thread_in_native, id=5784, stack(0x0000007c1f1d0000,0x0000007c1f2d0000)]
  0x000001d304128000 JavaThread "TimerQueue" daemon [_thread_blocked, id=13200, stack(0x0000007c1f030000,0x0000007c1f130000)]
  0x000001d30409f000 JavaThread "D3D Screen Updater" daemon [_thread_blocked, id=15256, stack(0x0000007c1ef20000,0x0000007c1f020000)]
  0x000001d303fd5800 JavaThread "Image Fetcher 0" daemon [_thread_blocked, id=11916, stack(0x0000007c1ee20000,0x0000007c1ef20000)]
  0x000001d3030d7800 JavaThread "AWT-EventQueue-0" [_thread_blocked, id=12448, stack(0x0000007c1ea00000,0x0000007c1eb00000)]
  0x000001d3030f0000 JavaThread "AWT-Windows" daemon [_thread_in_native, id=13584, stack(0x0000007c1e900000,0x0000007c1ea00000)]
  0x000001d30311f800 JavaThread "AWT-Shutdown" [_thread_blocked, id=10812, stack(0x0000007c1e800000,0x0000007c1e900000)]
  0x000001d303157800 JavaThread "Java2D Disposer" daemon [_thread_blocked, id=13148, stack(0x0000007c1e700000,0x0000007c1e800000)]
  0x000001d301399000 JavaThread "Service Thread" daemon [_thread_blocked, id=14352, stack(0x0000007c1e500000,0x0000007c1e600000)]
  0x000001d30130f800 JavaThread "C1 CompilerThread11" daemon [_thread_blocked, id=13164, stack(0x0000007c1e400000,0x0000007c1e500000)]
  0x000001d30130d000 JavaThread "C1 CompilerThread10" daemon [_thread_blocked, id=14368, stack(0x0000007c1e300000,0x0000007c1e400000)]
  0x000001d30130e800 JavaThread "C1 CompilerThread9" daemon [_thread_blocked, id=5256, stack(0x0000007c1e200000,0x0000007c1e300000)]
  0x000001d30130a000 JavaThread "C1 CompilerThread8" daemon [_thread_blocked, id=14900, stack(0x0000007c1e100000,0x0000007c1e200000)]
  0x000001d3012f0800 JavaThread "C2 CompilerThread7" daemon [_thread_blocked, id=13220, stack(0x0000007c1e000000,0x0000007c1e100000)]
  0x000001d3012bd800 JavaThread "C2 CompilerThread6" daemon [_thread_blocked, id=11004, stack(0x0000007c1df00000,0x0000007c1e000000)]
  0x000001d3012bb000 JavaThread "C2 CompilerThread5" daemon [_thread_blocked, id=10472, stack(0x0000007c1de00000,0x0000007c1df00000)]
  0x000001d3012ae000 JavaThread "C2 CompilerThread4" daemon [_thread_blocked, id=15036, stack(0x0000007c1dd00000,0x0000007c1de00000)]
  0x000001d3012a8000 JavaThread "C2 CompilerThread3" daemon [_thread_blocked, id=14296, stack(0x0000007c1dc00000,0x0000007c1dd00000)]
  0x000001d3012a7000 JavaThread "C2 CompilerThread2" daemon [_thread_blocked, id=13620, stack(0x0000007c1db00000,0x0000007c1dc00000)]
  0x000001d3012a1800 JavaThread "C2 CompilerThread1" daemon [_thread_blocked, id=14144, stack(0x0000007c1da00000,0x0000007c1db00000)]
  0x000001d3012a6800 JavaThread "C2 CompilerThread0" daemon [_thread_blocked, id=14520, stack(0x0000007c1d900000,0x0000007c1da00000)]
  0x000001d30129b000 JavaThread "Attach Listener" daemon [_thread_blocked, id=12464, stack(0x0000007c1d800000,0x0000007c1d900000)]
  0x000001d30129a000 JavaThread "Signal Dispatcher" daemon [_thread_blocked, id=14544, stack(0x0000007c1d700000,0x0000007c1d800000)]
  0x000001d37f0e0000 JavaThread "Finalizer" daemon [_thread_blocked, id=14308, stack(0x0000007c1d600000,0x0000007c1d700000)]
  0x000001d37f0d6000 JavaThread "Reference Handler" daemon [_thread_blocked, id=12956, stack(0x0000007c1d500000,0x0000007c1d600000)]

Other Threads:
  0x000001d37f0cc800 VMThread [stack: 0x0000007c1d400000,0x0000007c1d500000] [id=12940]
  0x000001d30137e800 WatcherThread [stack: 0x0000007c1e600000,0x0000007c1e700000] [id=7980]

VM state:not at safepoint (normal execution)

VM Mutex/Monitor currently owned by a thread: None

heap address: 0x00000003c1800000, size: 16360 MB, Compressed Oops mode: Zero based, Oop shift amount: 3
Narrow klass base: 0x0000000000000000, Narrow klass shift: 3
Compressed class space size: 1073741824 Address: 0x00000007c0000000

Heap:
 PSYoungGen      total 305664K, used 1310K [0x000000066b300000, 0x0000000690800000, 0x00000007c0000000)
  eden space 262144K, 0% used [0x000000066b300000,0x000000066b447b88,0x000000067b300000)
  from space 43520K, 0% used [0x000000067b300000,0x000000067b300000,0x000000067dd80000)
  to   space 43520K, 0% used [0x000000068dd80000,0x000000068dd80000,0x0000000690800000)
 ParOldGen       total 273408K, used 6147K [0x00000003c1800000, 0x00000003d2300000, 0x000000066b300000)
  object space 273408K, 2% used [0x00000003c1800000,0x00000003c1e00e58,0x00000003d2300000)
 Metaspace       used 20840K, capacity 21063K, committed 21504K, reserved 1069056K
  class space    used 2378K, capacity 2459K, committed 2560K, reserved 1048576K

Card table byte_map: [0x000001d359020000,0x000001d35b020000] byte_map_base: 0x000001d357214000

Marking Bits: (ParMarkBitMap*) 0x000000006d8937f0
 Begin Bits: [0x000001d35c570000, 0x000001d36c510000)
 End Bits:   [0x000001d36c510000, 0x000001d37c4b0000)

Polling page: 0x000001d3481d0000

CodeCache: size=245760Kb used=6864Kb max_used=6879Kb free=238895Kb
 bounds [0x000001d349c60000, 0x000001d34a320000, 0x000001d358c60000]
 total_blobs=2154 nmethods=1495 adapters=568
 compilation: enabled

Compilation events (10 events):
Event: 3.209 Thread 0x000001d30130f800 nmethod 1490 0x000001d34a303e10 code [0x000001d34a303f60, 0x000001d34a3040d8]
Event: 3.209 Thread 0x000001d30130a000 nmethod 1489 0x000001d34a30aa50 code [0x000001d34a30abc0, 0x000001d34a30aea0]
Event: 3.209 Thread 0x000001d30130d000 nmethod 1491 0x000001d34a3145d0 code [0x000001d34a314740, 0x000001d34a314c78]
Event: 3.209 Thread 0x000001d30130e800 nmethod 1492 0x000001d34a313ed0 code [0x000001d34a314040, 0x000001d34a314498]
Event: 3.210 Thread 0x000001d3012bb000 1495   !   4       java.lang.ref.Reference::tryHandlePending (115 bytes)
Event: 3.210 Thread 0x000001d30130f800 1494       1       java.lang.ref.Finalizer::access$000 (4 bytes)
Event: 3.210 Thread 0x000001d30130f800 nmethod 1494 0x000001d34a30a790 code [0x000001d34a30a8e0, 0x000001d34a30a9d8]
Event: 3.211 Thread 0x000001d3012f0800 1496       4       java.lang.StringBuilder::append (8 bytes)
Event: 3.215 Thread 0x000001d3012f0800 nmethod 1496 0x000001d34a312f10 code [0x000001d34a313080, 0x000001d34a3134c8]
Event: 3.215 Thread 0x000001d3012bb000 nmethod 1495 0x000001d34a315310 code [0x000001d34a3154e0, 0x000001d34a3161f0]

GC Heap History (8 events):
Event: 2.675 GC heap before
{Heap before GC invocations=1 (full 0):
 PSYoungGen      total 305664K, used 73400K [0x000000066b300000, 0x0000000680800000, 0x00000007c0000000)
  eden space 262144K, 28% used [0x000000066b300000,0x000000066faae348,0x000000067b300000)
  from space 43520K, 0% used [0x000000067dd80000,0x000000067dd80000,0x0000000680800000)
  to   space 43520K, 0% used [0x000000067b300000,0x000000067b300000,0x000000067dd80000)
 ParOldGen       total 699392K, used 0K [0x00000003c1800000, 0x00000003ec300000, 0x000000066b300000)
  object space 699392K, 0% used [0x00000003c1800000,0x00000003c1800000,0x00000003ec300000)
 Metaspace       used 17900K, capacity 18116K, committed 18432K, reserved 1064960K
  class space    used 2147K, capacity 2235K, committed 2304K, reserved 1048576K
Event: 2.679 GC heap after
Heap after GC invocations=1 (full 0):
 PSYoungGen      total 305664K, used 11051K [0x000000066b300000, 0x0000000680800000, 0x00000007c0000000)
  eden space 262144K, 0% used [0x000000066b300000,0x000000066b300000,0x000000067b300000)
  from space 43520K, 25% used [0x000000067b300000,0x000000067bdcad88,0x000000067dd80000)
  to   space 43520K, 0% used [0x000000067dd80000,0x000000067dd80000,0x0000000680800000)
 ParOldGen       total 699392K, used 16K [0x00000003c1800000, 0x00000003ec300000, 0x000000066b300000)
  object space 699392K, 0% used [0x00000003c1800000,0x00000003c1804000,0x00000003ec300000)
 Metaspace       used 17900K, capacity 18116K, committed 18432K, reserved 1064960K
  class space    used 2147K, capacity 2235K, committed 2304K, reserved 1048576K
}
Event: 2.679 GC heap before
{Heap before GC invocations=2 (full 0):
 PSYoungGen      total 305664K, used 16294K [0x000000066b300000, 0x0000000680800000, 0x00000007c0000000)
  eden space 262144K, 1% used [0x000000066b300000,0x000000066b81eb80,0x000000067b300000)
  from space 43520K, 25% used [0x000000067b300000,0x000000067bdcad88,0x000000067dd80000)
  to   space 43520K, 0% used [0x000000067dd80000,0x000000067dd80000,0x0000000680800000)
 ParOldGen       total 699392K, used 16K [0x00000003c1800000, 0x00000003ec300000, 0x000000066b300000)
  object space 699392K, 0% used [0x00000003c1800000,0x00000003c1804000,0x00000003ec300000)
 Metaspace       used 17900K, capacity 18116K, committed 18432K, reserved 1064960K
  class space    used 2147K, capacity 2235K, committed 2304K, reserved 1048576K
Event: 2.683 GC heap after
Heap after GC invocations=2 (full 0):
 PSYoungGen      total 305664K, used 11126K [0x000000066b300000, 0x0000000690800000, 0x00000007c0000000)
  eden space 262144K, 0% used [0x000000066b300000,0x000000066b300000,0x000000067b300000)
  from space 43520K, 25% used [0x000000067dd80000,0x000000067e85da98,0x0000000680800000)
  to   space 43520K, 0% used [0x000000067b300000,0x000000067b300000,0x000000067dd80000)
 ParOldGen       total 699392K, used 24K [0x00000003c1800000, 0x00000003ec300000, 0x000000066b300000)
  object space 699392K, 0% used [0x00000003c1800000,0x00000003c1806000,0x00000003ec300000)
 Metaspace       used 17900K, capacity 18116K, committed 18432K, reserved 1064960K
  class space    used 2147K, capacity 2235K, committed 2304K, reserved 1048576K
}
Event: 3.184 GC heap before
{Heap before GC invocations=3 (full 0):
 PSYoungGen      total 305664K, used 70577K [0x000000066b300000, 0x0000000690800000, 0x00000007c0000000)
  eden space 262144K, 22% used [0x000000066b300000,0x000000066ed0eba0,0x000000067b300000)
  from space 43520K, 25% used [0x000000067dd80000,0x000000067e85da98,0x0000000680800000)
  to   space 43520K, 0% used [0x000000067b300000,0x000000067b300000,0x000000067dd80000)
 ParOldGen       total 699392K, used 24K [0x00000003c1800000, 0x00000003ec300000, 0x000000066b300000)
  object space 699392K, 0% used [0x00000003c1800000,0x00000003c1806000,0x00000003ec300000)
 Metaspace       used 20748K, capacity 20935K, committed 21248K, reserved 1069056K
  class space    used 2371K, capacity 2459K, committed 2560K, reserved 1048576K
Event: 3.187 GC heap after
Heap after GC invocations=3 (full 0):
 PSYoungGen      total 305664K, used 9524K [0x000000066b300000, 0x0000000690800000, 0x00000007c0000000)
  eden space 262144K, 0% used [0x000000066b300000,0x000000066b300000,0x000000067b300000)
  from space 43520K, 21% used [0x000000067b300000,0x000000067bc4d350,0x000000067dd80000)
  to   space 43520K, 0% used [0x000000068dd80000,0x000000068dd80000,0x0000000690800000)
 ParOldGen       total 699392K, used 32K [0x00000003c1800000, 0x00000003ec300000, 0x000000066b300000)
  object space 699392K, 0% used [0x00000003c1800000,0x00000003c1808000,0x00000003ec300000)
 Metaspace       used 20748K, capacity 20935K, committed 21248K, reserved 1069056K
  class space    used 2371K, capacity 2459K, committed 2560K, reserved 1048576K
}
Event: 3.187 GC heap before
{Heap before GC invocations=4 (full 1):
 PSYoungGen      total 305664K, used 9524K [0x000000066b300000, 0x0000000690800000, 0x00000007c0000000)
  eden space 262144K, 0% used [0x000000066b300000,0x000000066b300000,0x000000067b300000)
  from space 43520K, 21% used [0x000000067b300000,0x000000067bc4d350,0x000000067dd80000)
  to   space 43520K, 0% used [0x000000068dd80000,0x000000068dd80000,0x0000000690800000)
 ParOldGen       total 699392K, used 32K [0x00000003c1800000, 0x00000003ec300000, 0x000000066b300000)
  object space 699392K, 0% used [0x00000003c1800000,0x00000003c1808000,0x00000003ec300000)
 Metaspace       used 20748K, capacity 20935K, committed 21248K, reserved 1069056K
  class space    used 2371K, capacity 2459K, committed 2560K, reserved 1048576K
Event: 3.208 GC heap after
Heap after GC invocations=4 (full 1):
 PSYoungGen      total 305664K, used 0K [0x000000066b300000, 0x0000000690800000, 0x00000007c0000000)
  eden space 262144K, 0% used [0x000000066b300000,0x000000066b300000,0x000000067b300000)
  from space 43520K, 0% used [0x000000067b300000,0x000000067b300000,0x000000067dd80000)
  to   space 43520K, 0% used [0x000000068dd80000,0x000000068dd80000,0x0000000690800000)
 ParOldGen       total 273408K, used 6147K [0x00000003c1800000, 0x00000003d2300000, 0x000000066b300000)
  object space 273408K, 2% used [0x00000003c1800000,0x00000003c1e00e58,0x00000003d2300000)
 Metaspace       used 20748K, capacity 20935K, committed 21248K, reserved 1069056K
  class space    used 2371K, capacity 2459K, committed 2560K, reserved 1048576K
}

Deoptimization events (10 events):
Event: 0.323 Thread 0x000001d34825a000 Uncommon trap: reason=unstable_if action=reinterpret pc=0x000001d34a01ff10 method=java.io.WinNTFileSystem.normalize(Ljava/lang/String;)Ljava/lang/String; @ 74
Event: 0.324 Thread 0x000001d34825a000 Uncommon trap: reason=class_check action=maybe_recompile pc=0x000001d349f296d0 method=java.lang.String.equals(Ljava/lang/Object;)Z @ 8
Event: 0.325 Thread 0x000001d34825a000 Uncommon trap: reason=class_check action=maybe_recompile pc=0x000001d349f296d0 method=java.lang.String.equals(Ljava/lang/Object;)Z @ 8
Event: 0.588 Thread 0x000001d3030d7800 Uncommon trap: reason=unstable_if action=reinterpret pc=0x000001d349f64f7c method=java.lang.String.startsWith(Ljava/lang/String;I)Z @ 25
Event: 0.590 Thread 0x000001d3030d7800 Uncommon trap: reason=unstable_if action=reinterpret pc=0x000001d34a0a5068 method=java.lang.AbstractStringBuilder.append(Ljava/lang/String;)Ljava/lang/AbstractStringBuilder; @ 1
Event: 0.591 Thread 0x000001d3030d7800 Uncommon trap: reason=unstable_if action=reinterpret pc=0x000001d349fe13a4 method=java.lang.AbstractStringBuilder.append(Ljava/lang/String;)Ljava/lang/AbstractStringBuilder; @ 1
Event: 0.593 Thread 0x000001d3030d7800 Uncommon trap: reason=unstable_if action=reinterpret pc=0x000001d34a0e308c method=java.util.HashMap.hash(Ljava/lang/Object;)I @ 1
Event: 0.681 Thread 0x000001d3030f0000 Uncommon trap: reason=unstable_if action=reinterpret pc=0x000001d349f6cb40 method=java.lang.CharacterData.of(I)Ljava/lang/CharacterData; @ 4
Event: 1.183 Thread 0x000001d3030d7800 Uncommon trap: reason=unstable_if action=reinterpret pc=0x000001d34a1d7598 method=java.awt.Component.inside(II)Z @ 1
Event: 1.316 Thread 0x000001d3030d7800 Uncommon trap: reason=unstable_if action=reinterpret pc=0x000001d34a20d634 method=java.awt.Component.inside(II)Z @ 21

Classes redefined (0 events):
No events

Internal exceptions (10 events):
Event: 0.415 Thread 0x000001d3030d7800 Exception <a 'java/io/FileNotFoundException'> (0x000000066e648ef0) thrown at [C:\ws\workspace\8u362\jdk-8u362\CT\std\label\windows-x86_64\type\b8\b\hotspot\src\share\vm\prims\jni.cpp, line 709]
Event: 0.590 Thread 0x000001d3030d7800 Implicit null exception at 0x000001d34a0a4c96 to 0x000001d34a0a5051
Event: 0.591 Thread 0x000001d3030d7800 Implicit null exception at 0x000001d349fe0fd6 to 0x000001d349fe138d
Event: 0.593 Thread 0x000001d3030d7800 Implicit null exception at 0x000001d34a0e2e55 to 0x000001d34a0e307d
Event: 3.211 Thread 0x000001d304180000 Exception <a 'java/security/PrivilegedActionException'> (0x000000066b318ff0) thrown at [C:\ws\workspace\8u362\jdk-8u362\CT\std\label\windows-x86_64\type\b8\b\hotspot\src\share\vm\prims\jvm.cpp, line 1514]
Event: 3.211 Thread 0x000001d304180000 Exception <a 'java/security/PrivilegedActionException'> (0x000000066b31ab60) thrown at [C:\ws\workspace\8u362\jdk-8u362\CT\std\label\windows-x86_64\type\b8\b\hotspot\src\share\vm\prims\jvm.cpp, line 1514]
Event: 3.211 Thread 0x000001d304180000 Exception <a 'java/security/PrivilegedActionException'> (0x000000066b31bc80) thrown at [C:\ws\workspace\8u362\jdk-8u362\CT\std\label\windows-x86_64\type\b8\b\hotspot\src\share\vm\prims\jvm.cpp, line 1514]
Event: 3.211 Thread 0x000001d304180000 Exception <a 'java/security/PrivilegedActionException'> (0x000000066b320da0) thrown at [C:\ws\workspace\8u362\jdk-8u362\CT\std\label\windows-x86_64\type\b8\b\hotspot\src\share\vm\prims\jvm.cpp, line 1514]
Event: 3.211 Thread 0x000001d304180000 Exception <a 'java/security/PrivilegedActionException'> (0x000000066b3219f8) thrown at [C:\ws\workspace\8u362\jdk-8u362\CT\std\label\windows-x86_64\type\b8\b\hotspot\src\share\vm\prims\jvm.cpp, line 1514]
Event: 3.211 Thread 0x000001d304180000 Exception <a 'java/security/PrivilegedActionException'> (0x000000066b322620) thrown at [C:\ws\workspace\8u362\jdk-8u362\CT\std\label\windows-x86_64\type\b8\b\hotspot\src\share\vm\prims\jvm.cpp, line 1514]

Events (10 events):
Event: 3.212 loading class org/lwjgl/openal/ALC10
Event: 3.212 loading class org/lwjgl/openal/ALC10 done
Event: 3.217 loading class org/lwjgl/openal/ALCdevice
Event: 3.217 loading class org/lwjgl/openal/ALCdevice done
Event: 3.217 loading class org/lwjgl/openal/ALCcontext
Event: 3.217 loading class org/lwjgl/openal/ALCcontext done
Event: 3.217 loading class org/lwjgl/openal/Util
Event: 3.217 loading class org/lwjgl/openal/Util done
Event: 3.217 loading class org/lwjgl/openal/OpenALException
Event: 3.217 loading class org/lwjgl/openal/OpenALException done


Dynamic libraries:
0x00007ff7c1cd0000 - 0x00007ff7c1d15000 	C:\Users\Aiden\.jdks\liberica-1.8.0_362\bin\java.exe
0x00007ffdcba30000 - 0x00007ffdcbc26000 	C:\Windows\SYSTEM32\ntdll.dll
0x00007ffdca470000 - 0x00007ffdca52d000 	C:\Windows\System32\KERNEL32.DLL
0x00007ffdc92b0000 - 0x00007ffdc9579000 	C:\Windows\System32\KERNELBASE.dll
0x00007ffdca3c0000 - 0x00007ffdca46c000 	C:\Windows\System32\ADVAPI32.dll
0x00007ffdc9ad0000 - 0x00007ffdc9b6e000 	C:\Windows\System32\msvcrt.dll
0x00007ffdc9eb0000 - 0x00007ffdc9f4c000 	C:\Windows\System32\sechost.dll
0x00007ffdcb780000 - 0x00007ffdcb8ab000 	C:\Windows\System32\RPCRT4.dll
0x00007ffdc9ba0000 - 0x00007ffdc9d40000 	C:\Windows\System32\USER32.dll
0x00007ffdc9580000 - 0x00007ffdc95a2000 	C:\Windows\System32\win32u.dll
0x00007ffdc9b70000 - 0x00007ffdc9b9a000 	C:\Windows\System32\GDI32.dll
0x00007ffdc99c0000 - 0x00007ffdc9acb000 	C:\Windows\System32\gdi32full.dll
0x00007ffdc9210000 - 0x00007ffdc92ad000 	C:\Windows\System32\msvcp_win.dll
0x00007ffdc9730000 - 0x00007ffdc9830000 	C:\Windows\System32\ucrtbase.dll
0x00007ffdb4bd0000 - 0x00007ffdb4e6b000 	C:\Windows\WinSxS\amd64_microsoft.windows.common-controls_6595b64144ccf1df_6.0.19041.746_none_ca02b4b61b8320a4\COMCTL32.dll
0x00007ffdca390000 - 0x00007ffdca3c0000 	C:\Windows\System32\IMM32.DLL
0x00007ffdb01e0000 - 0x00007ffdb01f5000 	C:\Users\Aiden\.jdks\liberica-1.8.0_362\jre\bin\vcruntime140.dll
0x00007ffd825d0000 - 0x00007ffd8266b000 	C:\Users\Aiden\.jdks\liberica-1.8.0_362\jre\bin\msvcp140.dll
0x000000006d0b0000 - 0x000000006d90c000 	C:\Users\Aiden\.jdks\liberica-1.8.0_362\jre\bin\server\jvm.dll
0x00007ffdcb8b0000 - 0x00007ffdcb8b8000 	C:\Windows\System32\PSAPI.DLL
0x00007ffdb8070000 - 0x00007ffdb8097000 	C:\Windows\SYSTEM32\WINMM.dll
0x00007ffdc5600000 - 0x00007ffdc5609000 	C:\Windows\SYSTEM32\WSOCK32.dll
0x00007ffdc3f90000 - 0x00007ffdc3f9a000 	C:\Windows\SYSTEM32\VERSION.dll
0x00007ffdcb440000 - 0x00007ffdcb4ab000 	C:\Windows\System32\WS2_32.dll
0x00007ffdc7130000 - 0x00007ffdc7142000 	C:\Windows\SYSTEM32\kernel.appcore.dll
0x00007ffdb1b50000 - 0x00007ffdb1b60000 	C:\Users\Aiden\.jdks\liberica-1.8.0_362\jre\bin\verify.dll
0x00007ffd825a0000 - 0x00007ffd825cb000 	C:\Users\Aiden\.jdks\liberica-1.8.0_362\jre\bin\java.dll
0x00007ffdad360000 - 0x00007ffdad378000 	C:\Users\Aiden\.jdks\liberica-1.8.0_362\jre\bin\zip.dll
0x00007ffdcaa50000 - 0x00007ffdcb193000 	C:\Windows\System32\SHELL32.dll
0x00007ffdc7330000 - 0x00007ffdc7abf000 	C:\Windows\SYSTEM32\windows.storage.dll
0x00007ffdc9f50000 - 0x00007ffdca2a6000 	C:\Windows\System32\combase.dll
0x00007ffdc8c10000 - 0x00007ffdc8c3c000 	C:\Windows\SYSTEM32\Wldp.dll
0x00007ffdca9a0000 - 0x00007ffdcaa4e000 	C:\Windows\System32\SHCORE.dll
0x00007ffdcb3e0000 - 0x00007ffdcb435000 	C:\Windows\System32\shlwapi.dll
0x00007ffdc90e0000 - 0x00007ffdc9106000 	C:\Windows\SYSTEM32\profapi.dll
0x00007ffd848b0000 - 0x00007ffd84a44000 	C:\Users\Aiden\.jdks\liberica-1.8.0_362\jre\bin\awt.dll
0x00007ffdc9de0000 - 0x00007ffdc9ead000 	C:\Windows\System32\OLEAUT32.dll
0x00007ffdc6ab0000 - 0x00007ffdc6b40000 	C:\Windows\SYSTEM32\apphelp.dll
0x00007ffdc6be0000 - 0x00007ffdc6c7e000 	C:\Windows\system32\uxtheme.dll
0x00007ffdcb4b0000 - 0x00007ffdcb5c6000 	C:\Windows\System32\MSCTF.dll
0x00007ffdcb2b0000 - 0x00007ffdcb3da000 	C:\Windows\System32\ole32.dll
0x00007ffdc9600000 - 0x00007ffdc9680000 	C:\Windows\System32\bcryptPrimitives.dll
0x00007ffdc7020000 - 0x00007ffdc704f000 	C:\Windows\system32\DWMAPI.DLL
0x00007ffd82fb0000 - 0x00007ffd830d5000 	C:\Windows\system32\opengl32.dll
0x00007ffdb7070000 - 0x00007ffdb709c000 	C:\Windows\SYSTEM32\GLU32.dll
0x00007ffda7f90000 - 0x00007ffda815f000 	C:\Windows\system32\d3d9.dll
0x00007ffdbfc60000 - 0x00007ffdbfd1c000 	C:\Windows\System32\DriverStore\FileRepository\nvrfi.inf_amd64_428e33bfb20100b1\nvldumdx.dll
0x00007ffdc8d90000 - 0x00007ffdc8da2000 	C:\Windows\SYSTEM32\msasn1.dll
0x00007ffdc3f50000 - 0x00007ffdc3f81000 	C:\Windows\SYSTEM32\cryptnet.dll
0x00007ffdc9860000 - 0x00007ffdc99b6000 	C:\Windows\System32\CRYPT32.dll
0x00007ffdc3d80000 - 0x00007ffdc3ec9000 	C:\Windows\SYSTEM32\drvstore.dll
0x00007ffdc8f50000 - 0x00007ffdc8f7c000 	C:\Windows\SYSTEM32\devobj.dll
0x00007ffdc95b0000 - 0x00007ffdc95fe000 	C:\Windows\System32\cfgmgr32.dll
0x00007ffdc8b80000 - 0x00007ffdc8b8c000 	C:\Windows\SYSTEM32\cryptbase.dll
0x00007ffdc91b0000 - 0x00007ffdc9210000 	C:\Windows\System32\wintrust.dll
0x00007ffdc9d40000 - 0x00007ffdc9d5d000 	C:\Windows\System32\imagehlp.dll
0x00007ffdc8b60000 - 0x00007ffdc8b78000 	C:\Windows\SYSTEM32\CRYPTSP.dll
0x00007ffdc82c0000 - 0x00007ffdc82f4000 	C:\Windows\system32\rsaenh.dll
0x00007ffdc9830000 - 0x00007ffdc9857000 	C:\Windows\System32\bcrypt.dll
0x00007ffd7b850000 - 0x00007ffd7e9dd000 	C:\Windows\System32\DriverStore\FileRepository\nvrfi.inf_amd64_428e33bfb20100b1\nvd3dumx.dll
0x00007ffd94680000 - 0x00007ffd94951000 	C:\Windows\system32\nvspcap64.dll
0x00007ffdc7ef0000 - 0x00007ffdc7f23000 	C:\Windows\SYSTEM32\ntmarta.dll
0x00007ffdc7ad0000 - 0x00007ffdc7af3000 	C:\Windows\SYSTEM32\gpapi.dll
0x00007ffdc0be0000 - 0x00007ffdc0c1b000 	C:\Windows\SYSTEM32\dxcore.dll
0x00007ffda9b70000 - 0x00007ffda9bf2000 	C:\Users\Aiden\.jdks\liberica-1.8.0_362\jre\bin\freetype.dll
0x00007ffdb14a0000 - 0x00007ffdb14eb000 	C:\Users\Aiden\.jdks\liberica-1.8.0_362\jre\bin\fontmanager.dll
0x00007ffda9f90000 - 0x00007ffda9fac000 	C:\Users\Aiden\.jdks\liberica-1.8.0_362\jre\bin\net.dll
0x00007ffdc8990000 - 0x00007ffdc89fa000 	C:\Windows\system32\mswsock.dll
0x00007ffd82580000 - 0x00007ffd82593000 	C:\Users\Aiden\.jdks\liberica-1.8.0_362\jre\bin\nio.dll
0x00007ffdc0990000 - 0x00007ffdc0a8b000 	C:\Windows\SYSTEM32\textinputframework.dll
0x00007ffdc6790000 - 0x00007ffdc6882000 	C:\Windows\System32\CoreMessaging.dll
0x00007ffdc61d0000 - 0x00007ffdc652e000 	C:\Windows\System32\CoreUIComponents.dll
0x00007ffdc56d0000 - 0x00007ffdc5824000 	C:\Windows\SYSTEM32\wintypes.dll
0x0000000180000000 - 0x0000000180064000 	C:\Users\Aiden\Documents\NewGame\OpenAL64.dll
0x000001d30e770000 - 0x000001d30e7c3000 	C:\Users\Aiden\Documents\NewGame\lwjgl64.dll
0x00007ffdc27d0000 - 0x00007ffdc287e000 	C:\Windows\SYSTEM32\mscms.dll
0x00007ffdc90a0000 - 0x00007ffdc90ce000 	C:\Windows\SYSTEM32\USERENV.dll
0x00007ffdc27a0000 - 0x00007ffdc27b1000 	C:\Windows\SYSTEM32\ColorAdapterClient.dll
0x00007ffdcb920000 - 0x00007ffdcb9c9000 	C:\Windows\System32\clbcatq.dll
0x00007ffdc3570000 - 0x00007ffdc366b000 	C:\Windows\System32\AppXDeploymentClient.dll
0x00007ffd775c0000 - 0x00007ffd7b84c000 	C:\Windows\System32\DriverStore\FileRepository\nvrfi.inf_amd64_428e33bfb20100b1\nvoglv64.dll
0x00007ffdca530000 - 0x00007ffdca997000 	C:\Windows\System32\SETUPAPI.dll
0x00007ffdc4540000 - 0x00007ffdc4554000 	C:\Windows\SYSTEM32\WTSAPI32.dll
0x00007ffdc87a0000 - 0x00007ffdc87eb000 	C:\Windows\SYSTEM32\powrprof.dll
0x00007ffdc8610000 - 0x00007ffdc8622000 	C:\Windows\SYSTEM32\UMPDC.dll
0x00007ffdc7f60000 - 0x00007ffdc7fba000 	C:\Windows\SYSTEM32\WINSTA.dll
0x00007ffdabf90000 - 0x00007ffdabfd3000 	C:\Windows\SYSTEM32\icm32.dll
0x00007ffdc34c0000 - 0x00007ffdc3545000 	C:\Windows\System32\MMDevApi.dll
0x00007ffd82360000 - 0x00007ffd823fc000 	C:\Windows\SYSTEM32\dsound.dll
0x00007ffda4d80000 - 0x00007ffda4da6000 	C:\Windows\SYSTEM32\winmmbase.dll
0x00007ffda66b0000 - 0x00007ffda6833000 	C:\Windows\SYSTEM32\AUDIOSES.DLL
0x00007ffdb5170000 - 0x00007ffdb5354000 	C:\Windows\SYSTEM32\dbghelp.dll

VM Arguments:
jvm_args: -Dfile.encoding=windows-1251 -Duser.country=RU -Duser.language=ru -Duser.variant 
java_command: org.foxesworld.newgame.NewGame
java_class_path (initial): C:\Users\Aiden\Documents\NewGame\build\classes\java\main;C:\Users\Aiden\Documents\NewGame\build\resources\main;C:\Users\Aiden\Documents\NewGame\lib\gson.jar;C:\Users\Aiden\Documents\NewGame\lib\lwjgl.jar;C:\Users\Aiden\Documents\NewGame\lib\jinput.jar;C:\Users\Aiden\Documents\NewGame\lib\jbullet.jar;C:\Users\Aiden\Documents\NewGame\lib\vecmath.jar;C:\Users\Aiden\Documents\NewGame\lib\xpp3.jar;C:\Users\Aiden\Documents\NewGame\lib\cfgProvider-1.5.0-Release.jar;C:\Users\Aiden\Documents\NewGame\lib\j-ogg-vorbis.jar;C:\Users\Aiden\Documents\NewGame\lib\jme3-jogg.jar;C:\Users\Aiden\Documents\NewGame\lib\lwjgl-platform-natives-windows.jar;C:\Users\Aiden\Documents\NewGame\lib\jme3-core.jar;C:\Users\Aiden\Documents\NewGame\lib\jme3-jbullet.jar;C:\Users\Aiden\Documents\NewGame\lib\jme3-lwjgl-3.6.1-stable.jar;C:\Users\Aiden\Documents\NewGame\lib\jme3-desktop.jar;C:\Users\Aiden\Documents\NewGame\lib\jme3-plugins.jar;C:\Users\Aiden\Documents\NewGame\lib\jme3-terrain-3.6.1-stable.jar;C:\Users\Aiden\Documents\NewGame\lib\jme3-effects.jar;C:\Users\Aiden\Documents\NewGame\lib\jme3-awt-dialogs.jar;C:\Users\Aiden\Documents\NewGame\lib\jme3-niftygui-3.6.0-stable.jar;C:\Users\Aiden\Documents\NewGame\lib\jME3-niftygui.jar;C:\Users\Aiden\Documents\NewGame\lib\nifty.jar;C:\Users\Aiden\Documents\NewGame\lib\nifty-default-controls.jar;C:\Users\Aiden\Documents\NewGame\lib\nifty-default-styles-0.0.1.jar;C:\Users\Aiden\.gradle\caches\modules-2\files-2.1\org.apache.logging.log4j\log4j-slf4j-impl\2.19.0\1a0c9615ba9fd5b96db8c1136afbef4394286e93\log4j-slf4j-impl-2.19.0.jar;C:\Users\Aiden\.gradle\caches\modules-2\files-2.1\wf.frk\jme_f3b\0.92\500df3e85fd9452a77449de351df58a8d4b11968\jme_f3b-0.92.jar;C:\Users\Aiden\.gradle\caches\modules-2\files-2.1\org.apache.logging.log4j\log4j-core\2.19.0\3b6eeb4de4c49c0fe38a4ee27188ff5fee44d0bb\log4j-core-2.19.0.jar;C:\Users\Aiden\.gradle\caches\modules-2\files-2.1\com.sudoplay.joise\joise\1.1.0\ceefe4029df79cf8a29384d10e1d69bf3d2ed3b
Launcher Type: SUN_STANDARD

Environment Variables:
JAVA_HOME=C:\Program Files\BellSoft\LibericaJDK-17\
PATH=C:\Program Files (x86)\Razer Chroma SDK\bin;C:\Program Files\Razer Chroma SDK\bin;C:\Program Files (x86)\Razer\ChromaBroadcast\bin;C:\Program Files\Razer\ChromaBroadcast\bin;C:\Program Files\BellSoft\LibericaJDK-17\bin\;C:\Program Files (x86)\Common Files\Oracle\Java\javapath;C:\Windows\system32;C:\Windows;C:\Windows\System32\Wbem;C:\Windows\System32\WindowsPowerShell\v1.0\;C:\Program Files (x86)\NVIDIA Corporation\PhysX\Common;C:\Program Files\Git\cmd;C:\Program Files\dotnet\;C:\Program Files\nodejs\;C:\ProgramData\chocolatey\bin;C:\Users\Aiden\Desktop\php;C:\ProgramData\ComposerSetup\bin;C:\Users\Aiden\AppData\Local\Programs\Python\Python310\Scripts\;C:\Users\Aiden\AppData\Local\Programs\Python\Python310\;C:\Users\Aiden\AppData\Local\Microsoft\WindowsApps;C:\Users\Aiden\AppData\Local\GitHubDesktop\bin;C:\Program Files\JetBrains\IntelliJ IDEA 2022.2\bin;C:\Users\Aiden\.dotnet\tools;C:\Program Files\JetBrains\PhpStorm 2022.2\bin;C:\Users\Aiden\AppData\Roaming\npm;C:\Users\Aiden\AppData\Roaming\Composer\vendor\bin;C:\Program Files\NVIDIA Corporation\NVIDIA NvDLISR;C:\Windows\system32\config\systemprofile\AppData\Local\Microsoft\WindowsApps;C:\Users\Aiden\AppData\Local\Programs\Python\Python310\Scripts\;C:\Users\Aiden\AppData\Local\Programs\Python\Python310\;C:\Users\Aiden\AppData\Local\Microsoft\WindowsApps;C:\Users\Aiden\AppData\Local\GitHubDesktop\bin;C:\Program Files\JetBrains\IntelliJ IDEA 2022.1.2\bin;;C:\Users\Aiden\.dotnet\tools;C:\Program Files\JetBrains\PhpStorm 2022.2\bin;;C:\Users\Aiden\AppData\Roaming\npm;C:\Users\Aiden\AppData\Roaming\Composer\vendor\bin;C:\Program Files\SDCC\bin
USERNAME=Aiden
OS=Windows_NT
PROCESSOR_IDENTIFIER=Intel64 Family 6 Model 79 Stepping 1, GenuineIntel



---------------  S Y S T E M  ---------------

OS: Windows 10 , 64 bit Build 19041 (10.0.19041.662)

CPU:total 20 (initial active 20) (10 cores per cpu, 2 threads per core) family 6 model 79 stepping 1, cmov, cx8, fxsr, mmx, sse, sse2, sse3, ssse3, sse4.1, sse4.2, popcnt, avx, avx2, aes, clmul, erms, rtm, 3dnowpref, lzcnt, ht, tsc, tscinvbit, bmi1, bmi2, adx

Memory: 4k page, physical 67008120k(55829560k free), swap 67008120k(42184852k free)

vm_info: OpenJDK 64-Bit Server VM (25.362-b09) for windows-amd64 JRE (1.8.0_362-b09), built on Jan 16 2023 19:33:48 by "hudson" with MS VC++ 15.9 (VS2017)

time: Tue Aug 15 21:10:43 2023
timezone: RTZ 2 ( Family 6 Model 79 Stepping 1, GenuineIntel
elapsed time: 3.232485 seconds (0d 0h 0m 3s)

