2023-08-18 12:58:33.429 [jME3 Main] INFO  org.foxesworld.newgame.engine.Kernel - Adding textures/soil to materials...
2023-08-18 12:58:34.032 [jME3 Main] INFO  org.foxesworld.newgame.engine.Kernel - Adding textures/sand to materials...
2023-08-18 12:58:36.044 [jME3 Main] INFO  org.foxesworld.newgame.engine.Kernel - Adding textures/sun to materials...
2023-08-18 12:59:01.269 [jME3 Main] INFO  org.foxesworld.newgame.engine.Kernel - Adding textures/soil to materials...
2023-08-18 12:59:01.874 [jME3 Main] INFO  org.foxesworld.newgame.engine.Kernel - Adding textures/sand to materials...
2023-08-18 12:59:03.951 [jME3 Main] INFO  org.foxesworld.newgame.engine.Kernel - Adding textures/sun to materials...
2023-08-18 12:59:22.605 [jME3 Main] INFO  org.foxesworld.newgame.engine.Kernel - Adding textures/soil to materials...
2023-08-18 12:59:23.211 [jME3 Main] INFO  org.foxesworld.newgame.engine.Kernel - Adding textures/sand to materials...
2023-08-18 12:59:25.351 [jME3 Main] INFO  org.foxesworld.newgame.engine.Kernel - Adding textures/sun to materials...
2023-08-18 13:01:26.581 [jME3 Main] INFO  org.foxesworld.newgame.engine.Kernel - Adding textures/soil to materials...
2023-08-18 13:01:27.166 [jME3 Main] INFO  org.foxesworld.newgame.engine.Kernel - Adding textures/sand to materials...
2023-08-18 13:04:52.249 [jME3 Main] INFO  org.foxesworld.newgame.engine.Kernel - Adding textures/soil to materials...
2023-08-18 13:04:52.820 [jME3 Main] INFO  org.foxesworld.newgame.engine.Kernel - Adding textures/sand to materials...
2023-08-18 13:05:49.253 [jME3 Main] INFO  org.foxesworld.newgame.engine.Kernel - Adding textures/soil to materials...
2023-08-18 13:05:49.822 [jME3 Main] INFO  org.foxesworld.newgame.engine.Kernel - Adding textures/sand to materials...
2023-08-18 13:08:27.543 [jME3 Main] INFO  org.foxesworld.newgame.engine.Kernel - Adding textures/soil to materials...
2023-08-18 13:08:28.142 [jME3 Main] INFO  org.foxesworld.newgame.engine.Kernel - Adding textures/sand to materials...
2023-08-18 13:09:19.508 [jME3 Main] INFO  org.foxesworld.newgame.engine.Kernel - Adding textures/soil to materials...
2023-08-18 13:09:20.065 [jME3 Main] INFO  org.foxesworld.newgame.engine.Kernel - Adding textures/sand to materials...
2023-08-18 13:15:12.101 [jME3 Main] INFO  org.foxesworld.newgame.engine.Kernel - Adding walking to sounds...
2023-08-18 13:15:12.193 [jME3 Main] INFO  org.foxesworld.newgame.engine.Kernel - Adding sprinting to sounds...
2023-08-18 13:15:12.276 [jME3 Main] INFO  org.foxesworld.newgame.engine.Kernel - Adding textures/soil to materials...
2023-08-18 13:15:12.842 [jME3 Main] INFO  org.foxesworld.newgame.engine.Kernel - Adding textures/sand to materials...
2023-08-18 13:15:14.877 [jME3 Main] INFO  org.foxesworld.newgame.engine.Kernel - Adding textures/sun to materials...
2023-08-18 13:15:45.014 [jME3 Main] INFO  org.foxesworld.newgame.engine.Kernel - Adding walking to sounds...
2023-08-18 13:15:45.098 [jME3 Main] INFO  org.foxesworld.newgame.engine.Kernel - Adding sprinting to sounds...
2023-08-18 13:15:45.180 [jME3 Main] INFO  org.foxesworld.newgame.engine.Kernel - Adding textures/soil to materials...
2023-08-18 13:15:45.748 [jME3 Main] INFO  org.foxesworld.newgame.engine.Kernel - Adding textures/sand to materials...
2023-08-18 13:15:47.829 [jME3 Main] INFO  org.foxesworld.newgame.engine.Kernel - Adding textures/sun to materials...
2023-08-18 13:19:10.528 [jME3 Main] INFO  org.foxesworld.newgame.engine.Kernel - Adding walking to sounds...
2023-08-18 13:19:10.614 [jME3 Main] INFO  org.foxesworld.newgame.engine.Kernel - Adding sprinting to sounds...
2023-08-18 13:19:10.697 [jME3 Main] INFO  org.foxesworld.newgame.engine.Kernel - Adding soil to materials...
2023-08-18 13:19:11.242 [jME3 Main] INFO  org.foxesworld.newgame.engine.Kernel - Adding sand to materials...
2023-08-18 13:19:13.290 [jME3 Main] INFO  org.foxesworld.newgame.engine.Kernel - Adding sun to materials...
2023-08-18 13:19:42.181 [jME3 Main] INFO  org.foxesworld.newgame.engine.Kernel - Adding walking to sounds...
2023-08-18 13:19:42.266 [jME3 Main] INFO  org.foxesworld.newgame.engine.Kernel - Adding sprinting to sounds...
2023-08-18 13:19:42.348 [jME3 Main] INFO  org.foxesworld.newgame.engine.Kernel - Adding soil to materials...
2023-08-18 13:19:42.916 [jME3 Main] INFO  org.foxesworld.newgame.engine.Kernel - Adding sand to materials...
2023-08-18 13:19:44.995 [jME3 Main] INFO  org.foxesworld.newgame.engine.Kernel - Adding sun to materials...
2023-08-18 13:22:51.586 [jME3 Main] INFO  org.foxesworld.newgame.engine.Kernel - Adding walking to sounds...
2023-08-18 13:22:51.670 [jME3 Main] INFO  org.foxesworld.newgame.engine.Kernel - Adding sprinting to sounds...
2023-08-18 13:22:51.672 [jME3 Main] INFO  org.foxesworld.newgame.engine.Kernel - Adding soil to materials...
2023-08-18 13:22:52.244 [jME3 Main] INFO  org.foxesworld.newgame.engine.Kernel - Adding sand to materials...
2023-08-18 13:22:54.408 [jME3 Main] INFO  org.foxesworld.newgame.engine.Kernel - Adding sun to materials...
2023-08-18 13:24:06.389 [jME3 Main] INFO  org.foxesworld.newgame.engine.Kernel - Adding walking to sounds...
2023-08-18 13:24:06.475 [jME3 Main] INFO  org.foxesworld.newgame.engine.Kernel - Adding sprinting to sounds...
2023-08-18 13:24:06.477 [jME3 Main] INFO  org.foxesworld.newgame.engine.Kernel - Adding soil to materials...
2023-08-18 13:24:07.048 [jME3 Main] INFO  org.foxesworld.newgame.engine.Kernel - Adding sand to materials...
2023-08-18 13:24:09.130 [jME3 Main] INFO  org.foxesworld.newgame.engine.Kernel - Adding sun to materials...
2023-08-18 13:24:58.562 [jME3 Main] INFO  org.foxesworld.newgame.engine.Kernel - Adding walking to sounds...
2023-08-18 13:24:58.648 [jME3 Main] INFO  org.foxesworld.newgame.engine.Kernel - Adding sprinting to sounds...
2023-08-18 13:24:58.649 [jME3 Main] INFO  org.foxesworld.newgame.engine.Kernel - Adding soil to materials...
2023-08-18 13:24:59.216 [jME3 Main] INFO  org.foxesworld.newgame.engine.Kernel - Adding sand to materials...
2023-08-18 13:25:01.273 [jME3 Main] INFO  org.foxesworld.newgame.engine.Kernel - Adding sun to materials...
2023-08-18 13:25:19.764 [jME3 Main] INFO  org.foxesworld.newgame.engine.Kernel - Adding walking to sounds...
2023-08-18 13:25:19.852 [jME3 Main] INFO  org.foxesworld.newgame.engine.Kernel - Adding sprinting to sounds...
2023-08-18 13:25:19.853 [jME3 Main] INFO  org.foxesworld.newgame.engine.Kernel - Adding soil to materials...
2023-08-18 13:25:20.419 [jME3 Main] INFO  org.foxesworld.newgame.engine.Kernel - Adding sand to materials...
2023-08-18 13:25:22.581 [jME3 Main] INFO  org.foxesworld.newgame.engine.Kernel - Adding sun to materials...
2023-08-18 13:34:17.523 [jME3 Main] INFO  org.foxesworld.newgame.engine.Kernel - Adding walking to sounds...
2023-08-18 13:34:17.607 [jME3 Main] INFO  org.foxesworld.newgame.engine.Kernel - Adding sprinting to sounds...
2023-08-18 13:34:17.609 [jME3 Main] INFO  org.foxesworld.newgame.engine.Kernel - Adding soil to materials...
2023-08-18 13:34:18.177 [jME3 Main] INFO  org.foxesworld.newgame.engine.Kernel - Adding sand to materials...
2023-08-18 13:34:20.327 [jME3 Main] INFO  org.foxesworld.newgame.engine.Kernel - Adding sun to materials...
2023-08-18 13:42:23.586 [jME3 Main] INFO  org.foxesworld.newgame.engine.Kernel - Added 0 to sounds walking
2023-08-18 13:42:23.671 [jME3 Main] INFO  org.foxesworld.newgame.engine.Kernel - Added 0 to sounds sprinting
2023-08-18 13:42:23.673 [jME3 Main] INFO  org.foxesworld.newgame.engine.Kernel - Adding soil to materials...
2023-08-18 13:42:24.241 [jME3 Main] INFO  org.foxesworld.newgame.engine.Kernel - Adding sand to materials...
2023-08-18 13:42:26.388 [jME3 Main] INFO  org.foxesworld.newgame.engine.Kernel - Adding sun to materials...
2023-08-18 13:43:06.519 [jME3 Main] INFO  org.foxesworld.newgame.engine.Kernel - Added 15 to sounds walking
2023-08-18 13:43:06.606 [jME3 Main] INFO  org.foxesworld.newgame.engine.Kernel - Added 16 to sounds sprinting
2023-08-18 13:43:06.607 [jME3 Main] INFO  org.foxesworld.newgame.engine.Kernel - Adding soil to materials...
2023-08-18 13:43:07.202 [jME3 Main] INFO  org.foxesworld.newgame.engine.Kernel - Adding sand to materials...
2023-08-18 13:43:09.308 [jME3 Main] INFO  org.foxesworld.newgame.engine.Kernel - Adding sun to materials...
2023-08-18 13:46:17.912 [jME3 Main] INFO  org.foxesworld.newgame.engine.Kernel - Added 15 to sounds 'walking' event
2023-08-18 13:46:18.000 [jME3 Main] INFO  org.foxesworld.newgame.engine.Kernel - Added 16 to sounds 'sprinting' event
2023-08-18 13:46:18.001 [jME3 Main] INFO  org.foxesworld.newgame.engine.Kernel - ADDING MATERIALS
2023-08-18 13:46:18.002 [jME3 Main] INFO  org.foxesworld.newgame.engine.Kernel - Adding 'soil' material
2023-08-18 13:46:18.559 [jME3 Main] INFO  org.foxesworld.newgame.engine.Kernel - Adding 'sand' material
2023-08-18 13:46:20.553 [jME3 Main] INFO  org.foxesworld.newgame.engine.Kernel - Adding 'sun' material
2023-08-18 13:48:28.290 [jME3 Main] INFO  org.foxesworld.newgame.engine.Kernel - Adding sounds...
2023-08-18 13:48:28.451 [jME3 Main] INFO  org.foxesworld.newgame.engine.Kernel - Added 15 to sounds 'walking' event
2023-08-18 13:48:28.531 [jME3 Main] INFO  org.foxesworld.newgame.engine.Kernel - Added 16 to sounds 'sprinting' event
2023-08-18 13:48:28.532 [jME3 Main] INFO  org.foxesworld.newgame.engine.Kernel - Adding materials
2023-08-18 13:48:28.532 [jME3 Main] INFO  org.foxesworld.newgame.engine.Kernel - Adding 'soil' material
2023-08-18 13:48:29.104 [jME3 Main] INFO  org.foxesworld.newgame.engine.Kernel - Adding 'sand' material
2023-08-18 13:48:31.242 [jME3 Main] INFO  org.foxesworld.newgame.engine.Kernel - Adding 'sun' material
2023-08-18 13:51:23.303 [jME3 Main] INFO  org.foxesworld.newgame.engine.Kernel - Adding sounds...
2023-08-18 13:51:23.471 [jME3 Main] INFO  org.foxesworld.newgame.engine.Kernel - Added 15 to sounds 'walking' event
2023-08-18 13:51:23.557 [jME3 Main] INFO  org.foxesworld.newgame.engine.Kernel - Added 16 to sounds 'sprinting' event
2023-08-18 13:51:23.558 [jME3 Main] INFO  org.foxesworld.newgame.engine.Kernel - Adding materials
2023-08-18 13:51:23.558 [jME3 Main] INFO  org.foxesworld.newgame.engine.Kernel - Adding 'soil' material
2023-08-18 13:51:24.142 [jME3 Main] INFO  org.foxesworld.newgame.engine.Kernel - soil has 3 of textures and 0 of vars
2023-08-18 13:51:24.143 [jME3 Main] INFO  org.foxesworld.newgame.engine.Kernel - Adding 'sand' material
2023-08-18 13:51:26.246 [jME3 Main] INFO  org.foxesworld.newgame.engine.Kernel - sand has 3 of textures and 1 of vars
2023-08-18 13:51:26.246 [jME3 Main] INFO  org.foxesworld.newgame.engine.Kernel - Adding 'sun' material
2023-08-18 13:51:26.293 [jME3 Main] INFO  org.foxesworld.newgame.engine.Kernel - sun has 1 of textures and 0 of vars
2023-08-18 13:51:51.356 [jME3 Main] INFO  org.foxesworld.newgame.engine.Kernel - Adding sounds...
2023-08-18 13:51:51.533 [jME3 Main] INFO  org.foxesworld.newgame.engine.Kernel - Added 15 to sounds 'walking' event
2023-08-18 13:51:51.618 [jME3 Main] INFO  org.foxesworld.newgame.engine.Kernel - Added 16 to sounds 'sprinting' event
2023-08-18 13:51:51.619 [jME3 Main] INFO  org.foxesworld.newgame.engine.Kernel - Adding materials
2023-08-18 13:51:51.620 [jME3 Main] INFO  org.foxesworld.newgame.engine.Kernel - Adding 'soil' material
2023-08-18 13:51:52.213 [jME3 Main] INFO  org.foxesworld.newgame.engine.Kernel - soil has 3 textures and 0 vars
2023-08-18 13:51:52.213 [jME3 Main] INFO  org.foxesworld.newgame.engine.Kernel - Adding 'sand' material
2023-08-18 13:51:54.361 [jME3 Main] INFO  org.foxesworld.newgame.engine.Kernel - sand has 3 textures and 1 vars
2023-08-18 13:51:54.361 [jME3 Main] INFO  org.foxesworld.newgame.engine.Kernel - Adding 'sun' material
2023-08-18 13:51:54.410 [jME3 Main] INFO  org.foxesworld.newgame.engine.Kernel - sun has 1 textures and 0 vars
2023-08-18 13:52:35.842 [jME3 Main] INFO  org.foxesworld.newgame.engine.Kernel - Adding sounds...
2023-08-18 13:52:36.027 [jME3 Main] INFO  org.foxesworld.newgame.engine.Kernel - Added 15 to sounds 'walking' event
2023-08-18 13:52:36.112 [jME3 Main] INFO  org.foxesworld.newgame.engine.Kernel - Added 16 to sounds 'sprinting' event
2023-08-18 13:52:36.114 [jME3 Main] INFO  org.foxesworld.newgame.engine.Kernel - Adding materials
2023-08-18 13:52:36.114 [jME3 Main] INFO  org.foxesworld.newgame.engine.Kernel -     - Adding 'soil' material
2023-08-18 13:52:36.661 [jME3 Main] INFO  org.foxesworld.newgame.engine.Kernel -     - soil has 3 textures and 0 vars
2023-08-18 13:52:36.661 [jME3 Main] INFO  org.foxesworld.newgame.engine.Kernel -     - Adding 'sand' material
2023-08-18 13:52:38.715 [jME3 Main] INFO  org.foxesworld.newgame.engine.Kernel -     - sand has 3 textures and 1 vars
2023-08-18 13:52:38.715 [jME3 Main] INFO  org.foxesworld.newgame.engine.Kernel -     - Adding 'sun' material
2023-08-18 13:52:38.763 [jME3 Main] INFO  org.foxesworld.newgame.engine.Kernel -     - sun has 1 textures and 0 vars
2023-08-18 13:53:31.318 [jME3 Main] INFO  org.foxesworld.newgame.engine.Kernel - Adding sounds...
2023-08-18 13:53:31.492 [jME3 Main] INFO  org.foxesworld.newgame.engine.Kernel - Added 15 to sounds 'walking' event
2023-08-18 13:53:31.578 [jME3 Main] INFO  org.foxesworld.newgame.engine.Kernel - Added 16 to sounds 'sprinting' event
2023-08-18 13:53:31.580 [jME3 Main] INFO  org.foxesworld.newgame.engine.Kernel - Adding materials
2023-08-18 13:53:31.580 [jME3 Main] INFO  org.foxesworld.newgame.engine.Kernel -     - Adding 'soil' material
2023-08-18 13:53:32.184 [jME3 Main] INFO  org.foxesworld.newgame.engine.Kernel -     - soil has 3 textures and 0 vars
2023-08-18 13:53:32.184 [jME3 Main] INFO  org.foxesworld.newgame.engine.Kernel -     - Adding 'sand' material
2023-08-18 13:53:34.213 [jME3 Main] INFO  org.foxesworld.newgame.engine.Kernel -     - sand has 3 textures and 1 vars
2023-08-18 13:53:34.213 [jME3 Main] INFO  org.foxesworld.newgame.engine.Kernel -     - Adding 'sun' material
2023-08-18 13:53:34.261 [jME3 Main] INFO  org.foxesworld.newgame.engine.Kernel -     - sun has 1 textures and 0 vars
2023-08-18 13:55:17.714 [jME3 Main] INFO  org.foxesworld.newgame.engine.Kernel - Adding sounds...
2023-08-18 13:55:17.879 [jME3 Main] INFO  org.foxesworld.newgame.engine.Kernel - Added 15 to sounds 'walking' event
2023-08-18 13:55:17.965 [jME3 Main] INFO  org.foxesworld.newgame.engine.Kernel - Added 16 to sounds 'sprinting' event
2023-08-18 13:55:17.966 [jME3 Main] INFO  org.foxesworld.newgame.engine.Kernel - Adding materials
2023-08-18 13:55:17.966 [jME3 Main] INFO  org.foxesworld.newgame.engine.Kernel -     - Adding 'soil' material
2023-08-18 13:55:18.561 [jME3 Main] INFO  org.foxesworld.newgame.engine.Kernel -     - soil has 3 textures and 0 vars
2023-08-18 13:55:18.561 [jME3 Main] INFO  org.foxesworld.newgame.engine.Kernel -     - Adding 'sand' material
2023-08-18 13:55:20.666 [jME3 Main] INFO  org.foxesworld.newgame.engine.Kernel -     - sand has 3 textures and 1 vars
2023-08-18 13:55:20.666 [jME3 Main] INFO  org.foxesworld.newgame.engine.Kernel -     - Adding 'sun' material
2023-08-18 13:55:20.713 [jME3 Main] INFO  org.foxesworld.newgame.engine.Kernel -     - sun has 1 textures and 0 vars
